;  LST file generated by mikroListExporter - v.2.0 
; Date/Time: 23/11/2012 20:19:26
;----------------------------------------------

;Address Opcode 	ASM
0x0000	0x000000040238  	GOTO	_main
0x0004	0x000000  	0
0x0006	0x000000  	0
0x0008	0x000000  	0
0x000A	0x000000  	0
0x000C	0x000000  	0
0x000E	0x000000  	0
0x0010	0x000000  	0
0x0012	0x000000  	0
0x0014	0x000000  	0
0x0016	0x000000  	0
0x0018	0x000000  	0
0x001A	0x000000  	0
0x001C	0x000000  	0
0x001E	0x000000  	0
0x0020	0x000000  	0
0x0022	0x000000  	0
0x0024	0x000000  	0
0x0026	0x000000  	0
0x0028	0x000000  	0
0x002A	0x000000  	0
0x002C	0x000000  	0
0x002E	0x000000  	0
0x0030	0x000000  	0
0x0032	0x000000  	0
0x0034	0x000000  	0
0x0036	0x000000  	0
0x0038	0x000000  	0
0x003A	0x000000  	0
0x003C	0x000000  	0
0x003E	0x000000  	0
0x0040	0x000000  	0
0x0042	0x000000  	0
0x0044	0x000000  	0
0x0046	0x000000  	0
0x0048	0x000000  	0
0x004A	0x000000  	0
0x004C	0x000000  	0
0x004E	0x000000  	0
0x0050	0x000000  	0
0x0052	0x000000  	0
0x0054	0x000000  	0
0x0056	0x000000  	0
0x0058	0x000000  	0
0x005A	0x000000  	0
0x005C	0x000000  	0
0x005E	0x000000  	0
0x0060	0x000000  	0
0x0062	0x000000  	0
0x0064	0x000000  	0
0x0066	0x000000  	0
0x0068	0x000000  	0
0x006A	0x000000  	0
0x006C	0x000000  	0
0x006E	0x000000  	0
0x0070	0x000000  	0
0x0072	0x000000  	0
0x0074	0x000000  	0
0x0076	0x000000  	0
0x0078	0x000000  	0
0x007A	0x000000  	0
0x007C	0x000000  	0
0x007E	0x000000  	0
0x0080	0x000000  	0
0x0082	0x000000  	0
0x0084	0x000000  	0
0x0086	0x000000  	0
0x0088	0x000000  	0
0x008A	0x000000  	0
0x008C	0x000000  	0
0x008E	0x000000  	0
0x0090	0x000000  	0
0x0092	0x000000  	0
0x0094	0x000000  	0
0x0096	0x000000  	0
0x0098	0x000000  	0
0x009A	0x000000  	0
0x009C	0x000000  	0
0x009E	0x000000  	0
0x00A0	0x000000  	0
0x00A2	0x000000  	0
0x00A4	0x000000  	0
0x00A6	0x000000  	0
0x00A8	0x000000  	0
0x00AA	0x000000  	0
0x00AC	0x000000  	0
0x00AE	0x000000  	0
0x00B0	0x000000  	0
0x00B2	0x000000  	0
0x00B4	0x000000  	0
0x00B6	0x000000  	0
0x00B8	0x000000  	0
0x00BA	0x000000  	0
0x00BC	0x000000  	0
0x00BE	0x000000  	0
0x00C0	0x000000  	0
0x00C2	0x000000  	0
0x00C4	0x000000  	0
0x00C6	0x000000  	0
0x00C8	0x000000  	0
0x00CA	0x000000  	0
0x00CC	0x000000  	0
0x00CE	0x000000  	0
0x00D0	0x000000  	0
0x00D2	0x000000  	0
0x00D4	0x000000  	0
0x00D6	0x000000  	0
0x00D8	0x000000  	0
0x00DA	0x000000  	0
0x00DC	0x000000  	0
0x00DE	0x000000  	0
0x00E0	0x000000  	0
0x00E2	0x000000  	0
0x00E4	0x000000  	0
0x00E6	0x000000  	0
0x00E8	0x000000  	0
0x00EA	0x000000  	0
0x00EC	0x000000  	0
0x00EE	0x000000  	0
0x00F0	0x000000  	0
0x00F2	0x000000  	0
0x00F4	0x000000  	0
0x00F6	0x000000  	0
0x00F8	0x000000  	0
0x00FA	0x000000  	0
0x00FC	0x000000  	0
0x00FE	0x000000  	0
0x0100	0x000000  	0
0x0102	0x000000  	0
0x0104	0x000000  	0
0x0106	0x000000  	0
0x0108	0x000000  	0
0x010A	0x000000  	0
0x010C	0x000000  	0
0x010E	0x000000  	0
0x0110	0x000000  	0
0x0112	0x000000  	0
0x0114	0x000000  	0
0x0116	0x000000  	0
0x0118	0x000000  	0
0x011A	0x000000  	0
0x011C	0x000000  	0
0x011E	0x000000  	0
0x0120	0x000000  	0
0x0122	0x000000  	0
0x0124	0x000000  	0
0x0126	0x000000  	0
0x0128	0x000000  	0
0x012A	0x000000  	0
0x012C	0x000000  	0
0x012E	0x000000  	0
0x0130	0x000000  	0
0x0132	0x000000  	0
0x0134	0x000000  	0
0x0136	0x000000  	0
0x0138	0x000000  	0
0x013A	0x000000  	0
0x013C	0x000000  	0
0x013E	0x000000  	0
0x0140	0x000000  	0
0x0142	0x000000  	0
0x0144	0x000000  	0
0x0146	0x000000  	0
0x0148	0x000000  	0
0x014A	0x000000  	0
0x014C	0x000000  	0
0x014E	0x000000  	0
0x0150	0x000000  	0
0x0152	0x000000  	0
0x0154	0x000000  	0
0x0156	0x000000  	0
0x0158	0x000000  	0
0x015A	0x000000  	0
0x015C	0x000000  	0
0x015E	0x000000  	0
0x0160	0x000000  	0
0x0162	0x000000  	0
0x0164	0x000000  	0
0x0166	0x000000  	0
0x0168	0x000000  	0
0x016A	0x000000  	0
0x016C	0x000000  	0
0x016E	0x000000  	0
0x0170	0x000000  	0
0x0172	0x000000  	0
0x0174	0x000000  	0
0x0176	0x000000  	0
0x0178	0x000000  	0
0x017A	0x000000  	0
0x017C	0x000000  	0
0x017E	0x000000  	0
0x0180	0x000000  	0
0x0182	0x000000  	0
0x0184	0x000000  	0
0x0186	0x000000  	0
0x0188	0x000000  	0
0x018A	0x000000  	0
0x018C	0x000000  	0
0x018E	0x000000  	0
0x0190	0x000000  	0
0x0192	0x000000  	0
0x0194	0x000000  	0
0x0196	0x000000  	0
0x0198	0x000000  	0
0x019A	0x000000  	0
0x019C	0x000000  	0
0x019E	0x000000  	0
0x01A0	0x000000  	0
0x01A2	0x000000  	0
0x01A4	0x000000  	0
0x01A6	0x000000  	0
0x01A8	0x000000  	0
0x01AA	0x000000  	0
0x01AC	0x000000  	0
0x01AE	0x000000  	0
0x01B0	0x000000  	0
0x01B2	0x000000  	0
0x01B4	0x000000  	0
0x01B6	0x000000  	0
0x01B8	0x000000  	0
0x01BA	0x000000  	0
0x01BC	0x000000  	0
0x01BE	0x000000  	0
0x01C0	0x000000  	0
0x01C2	0x000000  	0
0x01C4	0x000000  	0
0x01C6	0x000000  	0
0x01C8	0x000000  	0
0x01CA	0x000000  	0
0x01CC	0x000000  	0
0x01CE	0x000000  	0
0x01D0	0x000000  	0
0x01D2	0x000000  	0
0x01D4	0x000000  	0
0x01D6	0x000000  	0
0x01D8	0x000000  	0
0x01DA	0x000000  	0
0x01DC	0x000000  	0
0x01DE	0x000000  	0
0x01E0	0x000000  	0
0x01E2	0x000000  	0
0x01E4	0x000000  	0
0x01E6	0x000000  	0
0x01E8	0x000000  	0
0x01EA	0x000000  	0
0x01EC	0x000000  	0
0x01EE	0x000000  	0
0x01F0	0x000000  	0
0x01F2	0x000000  	0
0x01F4	0x000000  	0
0x01F6	0x000000  	0
0x01F8	0x000000  	0
0x01FA	0x000000  	0
0x01FC	0x000000  	0
0x01FE	0x000000  	0
_main:
0x0238	0x20800F  	MOV	#2048, W15
0x023A	0x247FF0  	MOV	#18431, W0
0x023C	0xB7A020  	MOV	WREG, SPLIM
0x023E	0x200000  	MOV	#0, W0
0x0240	0xB7A034  	MOV	WREG, PSVPAG
0x0242	0x200040  	MOV	#4, W0
0x0244	0xB72044  	IOR	CORCON
;GDM v1.c,676 :: 		void main() {
;GDM v1.c,677 :: 		InitClock();
0x0246	0x07FFDC  	RCALL	_InitClock
;GDM v1.c,678 :: 		AD1PCFGL = 0xFFFF;
0x0248	0x2FFFF0  	MOV	#65535, W0
0x024A	0xB7A32C  	MOV	WREG, AD1PCFGL
;GDM v1.c,680 :: 		ADPCFG = 0xFFFF;       // Configure AN pins as digital I/O
0x024C	0x2FFFF0  	MOV	#65535, W0
0x024E	0xB7A32C  	MOV	WREG, ADPCFG
;GDM v1.c,681 :: 		TRISA = 0x00;
0x0250	0xEF22C0  	CLR	TRISA
;GDM v1.c,682 :: 		TRISB = 0;             // Initialize PORTB as output
0x0252	0xEF22C8  	CLR	TRISB
;GDM v1.c,683 :: 		TRISC = 0;             // Initialize PORTC as output
0x0254	0xEF22D0  	CLR	TRISC
;GDM v1.c,684 :: 		LATA = 0;
0x0256	0xEF22C4  	CLR	LATA
;GDM v1.c,685 :: 		LATB = 0;              // Set PORTB to zero
0x0258	0xEF22CC  	CLR	LATB
;GDM v1.c,686 :: 		LATC = 0;              // Set PORTC to zero*/
0x025A	0xEF22D4  	CLR	LATC
;GDM v1.c,692 :: 		while(1) {
L_main2:
;GDM v1.c,696 :: 		RA7_bit = ~RA7_bit;
0x025C	0xAAE2C2  	BTG	RA7_bit, #7
;GDM v1.c,697 :: 		RA9_bit = ~RA9_bit;
0x025E	0xAA22C3  	BTG	RA9_bit, #9
;GDM v1.c,698 :: 		RA10_bit = ~RA10_bit;
0x0260	0xAA42C3  	BTG	RA10_bit, #10
;GDM v1.c,699 :: 		LATB = ~LATB;        // Invert PORTB value
0x0262	0xEEA2CC  	COM	LATB
;GDM v1.c,700 :: 		LATC = ~LATC;        // Invert PORTC value
0x0264	0xEEA2D4  	COM	LATC
;GDM v1.c,701 :: 		Delay_ms(1000);
0x0266	0x200CC8  	MOV	#204, W8
0x0268	0x273987  	MOV	#29592, W7
L_main4:
0x026A	0xED200E  	DEC	W7
0x026C	0x3AFFFE  	BRA NZ	L_main4
0x026E	0xED2010  	DEC	W8
0x0270	0x3AFFFC  	BRA NZ	L_main4
;GDM v1.c,702 :: 		}
0x0272	0x37FFF4  	BRA	L_main2
;GDM v1.c,703 :: 		}
L_end_main:
L__main_end_loop:
0x0274	0x37FFFF  	BRA	L__main_end_loop
; end of _main
_InitClock:
;GDM v1.c,82 :: 		void InitClock()
;GDM v1.c,99 :: 		CLKDIV &= 0xFFE0;   //Zera os bits do PLL prescaler que serão modificados
0x0200	0x2FFE01  	MOV	#65504, W1
0x0202	0x207440  	MOV	#lo_addr(CLKDIV), W0
0x0204	0x608810  	AND	W1, [W0], [W0]
;GDM v1.c,100 :: 		CLKDIV |= 0x0002;   //PLL prescaler = N1 = 4
0x0206	0x200021  	MOV	#2, W1
0x0208	0x207440  	MOV	#lo_addr(CLKDIV), W0
0x020A	0x708810  	IOR	W1, [W0], [W0]
;GDM v1.c,101 :: 		PLLFBD = 38;        //PLL multiplier = M = 40
0x020C	0x200260  	MOV	#38, W0
0x020E	0xB7A746  	MOV	WREG, PLLFBD
;GDM v1.c,102 :: 		CLKDIV &= 0xFF3F;   //PLL postscaler = N2 = 2
0x0210	0x2FF3F1  	MOV	#65343, W1
0x0212	0x207440  	MOV	#lo_addr(CLKDIV), W0
0x0214	0x608810  	AND	W1, [W0], [W0]
;GDM v1.c,115 :: 		MOV #0x743, w1         ;note memory address of OSSCONH address
0x0216	0x207431  	MOV	#1859, W1
;GDM v1.c,116 :: 		MOV.B #0b011, w0
0x0218	0xB3C030  	MOV.B	#3, W0
;GDM v1.c,117 :: 		MOV #0x78, w2
0x021A	0x200782  	MOV	#120, W2
;GDM v1.c,118 :: 		MOV #0x9A, w3
0x021C	0x2009A3  	MOV	#154, W3
;GDM v1.c,119 :: 		MOV.B w2, [w1]
0x021E	0x784882  	MOV.B	W2, [W1]
;GDM v1.c,120 :: 		MOV.B w3, [w1]
0x0220	0x784883  	MOV.B	W3, [W1]
;GDM v1.c,121 :: 		MOV.B w0, [w1]
0x0222	0x784880  	MOV.B	W0, [W1]
;GDM v1.c,123 :: 		MOV #0x742, w1         ;note memory address of OSSCONL address
0x0224	0x207421  	MOV	#1858, W1
;GDM v1.c,124 :: 		MOV.B #0x03, w0
0x0226	0xB3C030  	MOV.B	#3, W0
;GDM v1.c,125 :: 		MOV #0x46, w2
0x0228	0x200462  	MOV	#70, W2
;GDM v1.c,126 :: 		MOV #0x57, w3
0x022A	0x200573  	MOV	#87, W3
;GDM v1.c,127 :: 		MOV.B w2, [w1]
0x022C	0x784882  	MOV.B	W2, [W1]
;GDM v1.c,128 :: 		MOV.B w3, [w1]
0x022E	0x784883  	MOV.B	W3, [W1]
;GDM v1.c,129 :: 		MOV.B w0, [w1]
0x0230	0x784880  	MOV.B	W0, [W1]
;GDM v1.c,130 :: 		NOP
0x0232	0x000000  	NOP
;GDM v1.c,131 :: 		NOP
0x0234	0x000000  	NOP
;GDM v1.c,142 :: 		}
L_end_InitClock:
0x0236	0x060000  	RETURN
; end of _InitClock
Symbol List:
//** Routines locations **
//ADDRESS    SIZE    PROCEDURE
//----------------------------------------------
0x0200      [56]    _InitClock
0x0238      [62]    _main
//** Variables locations ** 
//ADDRESS    SIZE    VARIABLE
//----------------------------------------------
0x02D2       [0]    RC5_bit
0x02D0       [0]    TRISC4_bit
0x0746       [2]    PLLFBD
0x0744       [2]    CLKDIV
0x02D0       [0]    TRISC3_bit
0x02C0       [0]    TRISA9_bit
0x02D0       [0]    TRISC5_bit
0x02C0       [0]    TRISA8_bit
0x02C0       [0]    TRISA7_bit
0x02CC       [2]    LATB
0x02C4       [2]    LATA
0x02C2       [0]    RA10_bit
0x02D4       [2]    LATC
0x02D0       [2]    TRISC
0x032C       [2]    ADPCFG
0x032C       [2]    AD1PCFGL
0x02C8       [2]    TRISB
0x02C0       [2]    TRISA
0x02C8       [0]    TRISB8_bit
0x02CA       [0]    RB8_bit
0x02CA       [0]    RB9_bit
0x02C2       [0]    RA7_bit
0x02C2       [0]    RA9_bit
0x02D2       [0]    RC6_bit
0x02D2       [0]    RC9_bit
0x02CA       [0]    RB7_bit
0x02D2       [0]    RC7_bit
0x02D2       [0]    RC8_bit
0x02D0       [0]    TRISC7_bit
0x02D0       [0]    TRISC8_bit
0x02C8       [0]    TRISB9_bit
0x02D0       [0]    TRISC6_bit
0x02D0       [0]    TRISC9_bit
0x02D2       [0]    RC3_bit
0x02C2       [0]    RA8_bit
0x02C8       [0]    TRISB7_bit
0x02D2       [0]    RC4_bit
0x02C0       [2]    TRISA
0x02C4       [2]    LATA
0x02C8       [2]    TRISB
0x02CC       [2]    LATB
0x02D0       [2]    TRISC
0x02D4       [2]    LATC
0x032C       [2]    ADPCFG
0x032C       [2]    AD1PCFGL
0x0744       [2]    CLKDIV
0x0746       [2]    PLLFBD
//** Label List: ** 
//----------------------------------------------
  L_delay2S0
  L_main2
  L_main3
  L_main4
  L_end_InitClock
  _InitClock
  L_end_InitCan
  _InitCan
  L_end_InitTimersCapture
  _InitTimersCapture
  L_end_delay2S
  _delay2S
  L_end_main
  _main
  L__main_end_loop
