;  LST file generated by mikroListExporter - v.2.0 
; Date/Time: 21/10/2009 02:54:56
;----------------------------------------------

;Address Opcode 	ASM
0x0000	0x29EF      	GOTO       495
_interrupt:
0x0004	0x00FF      	MOVWF      R15
0x0005	0x0E03      	SWAPF      STATUS, 0
0x0006	0x0183      	CLRF       STATUS
0x0007	0x00C7      	MOVWF      ___saveSTATUS
0x0008	0x080A      	MOVF       PCLATH, 0
0x0009	0x00C8      	MOVWF      ___savePCLATH
0x000A	0x018A      	CLRF       PCLATH
;Dimmer e Sensor.c,46 :: 		void interrupt() {
;Dimmer e Sensor.c,47 :: 		if (TMR1IF_bit) {
0x000B	0x1C0C      	BTFSS      TMR1IF_bit, 0
0x000C	0x280E      	GOTO       L_interrupt0
;Dimmer e Sensor.c,48 :: 		read_err = 1;
0x000D	0x14A8      	BSF        _read_err, BitPos(_read_err+0)
;Dimmer e Sensor.c,49 :: 		}
L_interrupt0:
;Dimmer e Sensor.c,50 :: 		}
L__interrupt113:
0x000E	0x0848      	MOVF       ___savePCLATH, 0
0x000F	0x008A      	MOVWF      PCLATH
0x0010	0x0E47      	SWAPF      ___saveSTATUS, 0
0x0011	0x0083      	MOVWF      STATUS
0x0012	0x0EFF      	SWAPF      R15, 1
0x0013	0x0E7F      	SWAPF      R15, 0
0x0014	0x0009      	RETFIE
; end of _interrupt
_Delay_22us:
;__Lib_Delays.c,15 :: 		void Delay_22us() {
;__Lib_Delays.c,16 :: 		Delay_us(22);
0x0015	0x3007      	MOVLW      7
0x0016	0x00FD      	MOVWF      R13
L_Delay_22us2:
0x0017	0x0BFD      	DECFSZ     R13, 1
0x0018	0x2817      	GOTO       L_Delay_22us2
;__Lib_Delays.c,17 :: 		}
0x0019	0x0008      	RETURN
; end of _Delay_22us
_ADC_Read:
;__Lib_ADC_A_C.c,4 :: 		
;__Lib_ADC_A_C.c,6 :: 		
0x001A	0x1283      	BCF        STATUS, 5
0x001B	0x1303      	BCF        STATUS, 6
0x001C	0x019F      	CLRF       ADCON0
;__Lib_ADC_A_C.c,7 :: 		
0x001D	0x30C0      	MOVLW      192
0x001E	0x049F      	IORWF      ADCON0, 1
;__Lib_ADC_A_C.c,8 :: 		
0x001F	0x1683      	BSF        STATUS, 5
0x0020	0x171F      	BSF        ADCON1, 6
;__Lib_ADC_A_C.c,9 :: 		
0x0021	0x179F      	BSF        ADCON1, 7
;__Lib_ADC_A_C.c,10 :: 		
0x0022	0x1283      	BCF        STATUS, 5
0x0023	0x0849      	MOVF       FARG_ADC_Read_channel, 0
0x0024	0x00F0      	MOVWF      R0
0x0025	0x0DF0      	RLF        R0, 1
0x0026	0x1070      	BCF        R0, 0
0x0027	0x0DF0      	RLF        R0, 1
0x0028	0x1070      	BCF        R0, 0
0x0029	0x0DF0      	RLF        R0, 1
0x002A	0x1070      	BCF        R0, 0
0x002B	0x0870      	MOVF       R0, 0
0x002C	0x049F      	IORWF      ADCON0, 1
;__Lib_ADC_A_C.c,13 :: 		
0x002D	0x141F      	BSF        ADCON0, 0
;__Lib_ADC_A_C.c,16 :: 		
0x002E	0x2015      	CALL       _Delay_22us
;__Lib_ADC_A_C.c,19 :: 		
0x002F	0x151F      	BSF        ADCON0, 2
;__Lib_ADC_A_C.c,22 :: 		
L_ADC_Read0:
0x0030	0x1D1F      	BTFSS      ADCON0, 2
0x0031	0x2834      	GOTO       L_ADC_Read1
;__Lib_ADC_A_C.c,23 :: 		
0x0032	0x0000      	NOP
0x0033	0x2830      	GOTO       L_ADC_Read0
L_ADC_Read1:
;__Lib_ADC_A_C.c,26 :: 		
0x0034	0x101F      	BCF        ADCON0, 0
;__Lib_ADC_A_C.c,29 :: 		
0x0035	0x081E      	MOVF       ADRESH, 0
0x0036	0x00F1      	MOVWF      R0+1
0x0037	0x01F0      	CLRF       R0
0x0038	0x1683      	BSF        STATUS, 5
0x0039	0x081E      	MOVF       ADRESL, 0
0x003A	0x04F0      	IORWF      R0, 1
0x003B	0x3000      	MOVLW      0
0x003C	0x04F1      	IORWF      R0+1, 1
;__Lib_ADC_A_C.c,31 :: 		
0x003D	0x0008      	RETURN
; end of _ADC_Read
_Buttoncheck:
;Dimmer e Sensor.c,206 :: 		void Buttoncheck()
;Dimmer e Sensor.c,208 :: 		asm{NOP}; //Bugfix for MPLABC V1.10
0x003E	0x0000      	NOP
;Dimmer e Sensor.c,209 :: 		if(TestCheck == 3) //Check test mode flag
0x003F	0x3000      	MOVLW      0
0x0040	0x1283      	BCF        STATUS, 5
0x0041	0x1303      	BCF        STATUS, 6
0x0042	0x062A      	XORWF      _TestCheck+1, 0
0x0043	0x1D03      	BTFSS      STATUS, 2
0x0044	0x2847      	GOTO       L__Buttoncheck120
0x0045	0x3003      	MOVLW      3
0x0046	0x0629      	XORWF      _TestCheck, 0
L__Buttoncheck120:
0x0047	0x1D03      	BTFSS      STATUS, 2
0x0048	0x291F      	GOTO       L_Buttoncheck47
;Dimmer e Sensor.c,211 :: 		DelayCnt = 2; //Reset the delay count
0x0049	0x3002      	MOVLW      2
0x004A	0x00AD      	MOVWF      _DelayCnt
0x004B	0x3000      	MOVLW      0
0x004C	0x00AE      	MOVWF      _DelayCnt+1
;Dimmer e Sensor.c,212 :: 		if(Brtbut && !Dimbut) //If Dimbutton pressed, exit test mode
0x004D	0x1E05      	BTFSS      PORTA, 4
0x004E	0x2858      	GOTO       L_Buttoncheck50
0x004F	0x1A07      	BTFSC      PORTC, 4
0x0050	0x2858      	GOTO       L_Buttoncheck50
L__Buttoncheck112:
;Dimmer e Sensor.c,214 :: 		TestCheck = 0; //Clear Test mode flag
0x0051	0x01A9      	CLRF       _TestCheck
0x0052	0x01AA      	CLRF       _TestCheck+1
;Dimmer e Sensor.c,215 :: 		DelayCnt = 5;
0x0053	0x3005      	MOVLW      5
0x0054	0x00AD      	MOVWF      _DelayCnt
0x0055	0x3000      	MOVLW      0
0x0056	0x00AE      	MOVWF      _DelayCnt+1
;Dimmer e Sensor.c,216 :: 		return;
0x0057	0x0008      	RETURN
;Dimmer e Sensor.c,217 :: 		}
L_Buttoncheck50:
;Dimmer e Sensor.c,218 :: 		if(TestCount == 0) //Ramp up to full dim
0x0058	0x3000      	MOVLW      0
0x0059	0x0632      	XORWF      _TestCount+1, 0
0x005A	0x1D03      	BTFSS      STATUS, 2
0x005B	0x285E      	GOTO       L__Buttoncheck121
0x005C	0x3000      	MOVLW      0
0x005D	0x0631      	XORWF      _TestCount, 0
L__Buttoncheck121:
0x005E	0x1D03      	BTFSS      STATUS, 2
0x005F	0x2874      	GOTO       L_Buttoncheck51
;Dimmer e Sensor.c,220 :: 		if(++PercentOn > Maxbrt) //Check for full bright
0x0060	0x0AAF      	INCF       _PercentOn, 1
0x0061	0x1903      	BTFSC      STATUS, 2
0x0062	0x0AB0      	INCF       _PercentOn+1, 1
0x0063	0x0830      	MOVF       _PercentOn+1, 0
0x0064	0x3C00      	SUBLW      0
0x0065	0x1D03      	BTFSS      STATUS, 2
0x0066	0x2869      	GOTO       L__Buttoncheck122
0x0067	0x082F      	MOVF       _PercentOn, 0
0x0068	0x3CFD      	SUBLW      253
L__Buttoncheck122:
0x0069	0x1803      	BTFSC      STATUS, 0
0x006A	0x2873      	GOTO       L_Buttoncheck52
;Dimmer e Sensor.c,222 :: 		PercentOn = Maxbrt;
0x006B	0x30FD      	MOVLW      253
0x006C	0x00AF      	MOVWF      _PercentOn
0x006D	0x3000      	MOVLW      0
0x006E	0x00B0      	MOVWF      _PercentOn+1
;Dimmer e Sensor.c,223 :: 		++TestCount;
0x006F	0x0AB1      	INCF       _TestCount, 1
0x0070	0x1903      	BTFSC      STATUS, 2
0x0071	0x0AB2      	INCF       _TestCount+1, 1
;Dimmer e Sensor.c,224 :: 		return;
0x0072	0x0008      	RETURN
;Dimmer e Sensor.c,225 :: 		}
L_Buttoncheck52:
;Dimmer e Sensor.c,227 :: 		return;
0x0073	0x0008      	RETURN
;Dimmer e Sensor.c,228 :: 		}
L_Buttoncheck51:
;Dimmer e Sensor.c,229 :: 		if(TestCount == 1) //Ramp down to full dim
0x0074	0x3000      	MOVLW      0
0x0075	0x0632      	XORWF      _TestCount+1, 0
0x0076	0x1D03      	BTFSS      STATUS, 2
0x0077	0x287A      	GOTO       L__Buttoncheck123
0x0078	0x3001      	MOVLW      1
0x0079	0x0631      	XORWF      _TestCount, 0
L__Buttoncheck123:
0x007A	0x1D03      	BTFSS      STATUS, 2
0x007B	0x2891      	GOTO       L_Buttoncheck54
;Dimmer e Sensor.c,231 :: 		if(--PercentOn <= Maxdim) //Check for full dim
0x007C	0x3001      	MOVLW      1
0x007D	0x02AF      	SUBWF      _PercentOn, 1
0x007E	0x1C03      	BTFSS      STATUS, 0
0x007F	0x03B0      	DECF       _PercentOn+1, 1
0x0080	0x0830      	MOVF       _PercentOn+1, 0
0x0081	0x0223      	SUBWF      _Maxdim+1, 0
0x0082	0x1D03      	BTFSS      STATUS, 2
0x0083	0x2886      	GOTO       L__Buttoncheck124
0x0084	0x082F      	MOVF       _PercentOn, 0
0x0085	0x0222      	SUBWF      _Maxdim, 0
L__Buttoncheck124:
0x0086	0x1C03      	BTFSS      STATUS, 0
0x0087	0x2890      	GOTO       L_Buttoncheck55
;Dimmer e Sensor.c,233 :: 		PercentOn = Maxbrt;
0x0088	0x30FD      	MOVLW      253
0x0089	0x00AF      	MOVWF      _PercentOn
0x008A	0x3000      	MOVLW      0
0x008B	0x00B0      	MOVWF      _PercentOn+1
;Dimmer e Sensor.c,234 :: 		++TestCount;
0x008C	0x0AB1      	INCF       _TestCount, 1
0x008D	0x1903      	BTFSC      STATUS, 2
0x008E	0x0AB2      	INCF       _TestCount+1, 1
;Dimmer e Sensor.c,235 :: 		return;
0x008F	0x0008      	RETURN
;Dimmer e Sensor.c,236 :: 		}
L_Buttoncheck55:
;Dimmer e Sensor.c,238 :: 		return;
0x0090	0x0008      	RETURN
;Dimmer e Sensor.c,239 :: 		}
L_Buttoncheck54:
;Dimmer e Sensor.c,240 :: 		while(TestCount++ < 5) //Delay
0x0091	0x0831      	MOVF       _TestCount, 0
0x0092	0x00F1      	MOVWF      R1
0x0093	0x0832      	MOVF       _TestCount+1, 0
0x0094	0x00F2      	MOVWF      R1+1
0x0095	0x0AB1      	INCF       _TestCount, 1
0x0096	0x1903      	BTFSC      STATUS, 2
0x0097	0x0AB2      	INCF       _TestCount+1, 1
0x0098	0x3000      	MOVLW      0
0x0099	0x0272      	SUBWF      R1+1, 0
0x009A	0x1D03      	BTFSS      STATUS, 2
0x009B	0x289E      	GOTO       L__Buttoncheck125
0x009C	0x3005      	MOVLW      5
0x009D	0x0271      	SUBWF      R1, 0
L__Buttoncheck125:
0x009E	0x1803      	BTFSC      STATUS, 0
0x009F	0x28A1      	GOTO       L_Buttoncheck58
;Dimmer e Sensor.c,241 :: 		return;
0x00A0	0x0008      	RETURN
L_Buttoncheck58:
;Dimmer e Sensor.c,242 :: 		while(TestCount++ < 10) //Turn off for a short period
0x00A1	0x0831      	MOVF       _TestCount, 0
0x00A2	0x00F1      	MOVWF      R1
0x00A3	0x0832      	MOVF       _TestCount+1, 0
0x00A4	0x00F2      	MOVWF      R1+1
0x00A5	0x0AB1      	INCF       _TestCount, 1
0x00A6	0x1903      	BTFSC      STATUS, 2
0x00A7	0x0AB2      	INCF       _TestCount+1, 1
0x00A8	0x3000      	MOVLW      0
0x00A9	0x0272      	SUBWF      R1+1, 0
0x00AA	0x1D03      	BTFSS      STATUS, 2
0x00AB	0x28AE      	GOTO       L__Buttoncheck126
0x00AC	0x300A      	MOVLW      10
0x00AD	0x0271      	SUBWF      R1, 0
L__Buttoncheck126:
0x00AE	0x1803      	BTFSC      STATUS, 0
0x00AF	0x28B5      	GOTO       L_Buttoncheck60
;Dimmer e Sensor.c,244 :: 		PercentOn = Maxdim;
0x00B0	0x0822      	MOVF       _Maxdim, 0
0x00B1	0x00AF      	MOVWF      _PercentOn
0x00B2	0x0823      	MOVF       _Maxdim+1, 0
0x00B3	0x00B0      	MOVWF      _PercentOn+1
;Dimmer e Sensor.c,245 :: 		return;
0x00B4	0x0008      	RETURN
;Dimmer e Sensor.c,246 :: 		}
L_Buttoncheck60:
;Dimmer e Sensor.c,247 :: 		while(TestCount++ < 15) //Turn On for a short period
0x00B5	0x0831      	MOVF       _TestCount, 0
0x00B6	0x00F1      	MOVWF      R1
0x00B7	0x0832      	MOVF       _TestCount+1, 0
0x00B8	0x00F2      	MOVWF      R1+1
0x00B9	0x0AB1      	INCF       _TestCount, 1
0x00BA	0x1903      	BTFSC      STATUS, 2
0x00BB	0x0AB2      	INCF       _TestCount+1, 1
0x00BC	0x3000      	MOVLW      0
0x00BD	0x0272      	SUBWF      R1+1, 0
0x00BE	0x1D03      	BTFSS      STATUS, 2
0x00BF	0x28C2      	GOTO       L__Buttoncheck127
0x00C0	0x300F      	MOVLW      15
0x00C1	0x0271      	SUBWF      R1, 0
L__Buttoncheck127:
0x00C2	0x1803      	BTFSC      STATUS, 0
0x00C3	0x28C9      	GOTO       L_Buttoncheck62
;Dimmer e Sensor.c,249 :: 		PercentOn = Maxbrt;
0x00C4	0x30FD      	MOVLW      253
0x00C5	0x00AF      	MOVWF      _PercentOn
0x00C6	0x3000      	MOVLW      0
0x00C7	0x00B0      	MOVWF      _PercentOn+1
;Dimmer e Sensor.c,250 :: 		return;
0x00C8	0x0008      	RETURN
;Dimmer e Sensor.c,251 :: 		}
L_Buttoncheck62:
;Dimmer e Sensor.c,252 :: 		while(TestCount++ < 20) //Turn off for a short period
0x00C9	0x0831      	MOVF       _TestCount, 0
0x00CA	0x00F1      	MOVWF      R1
0x00CB	0x0832      	MOVF       _TestCount+1, 0
0x00CC	0x00F2      	MOVWF      R1+1
0x00CD	0x0AB1      	INCF       _TestCount, 1
0x00CE	0x1903      	BTFSC      STATUS, 2
0x00CF	0x0AB2      	INCF       _TestCount+1, 1
0x00D0	0x3000      	MOVLW      0
0x00D1	0x0272      	SUBWF      R1+1, 0
0x00D2	0x1D03      	BTFSS      STATUS, 2
0x00D3	0x28D6      	GOTO       L__Buttoncheck128
0x00D4	0x3014      	MOVLW      20
0x00D5	0x0271      	SUBWF      R1, 0
L__Buttoncheck128:
0x00D6	0x1803      	BTFSC      STATUS, 0
0x00D7	0x28DD      	GOTO       L_Buttoncheck64
;Dimmer e Sensor.c,254 :: 		PercentOn = Maxdim;
0x00D8	0x0822      	MOVF       _Maxdim, 0
0x00D9	0x00AF      	MOVWF      _PercentOn
0x00DA	0x0823      	MOVF       _Maxdim+1, 0
0x00DB	0x00B0      	MOVWF      _PercentOn+1
;Dimmer e Sensor.c,255 :: 		return;
0x00DC	0x0008      	RETURN
;Dimmer e Sensor.c,256 :: 		}
L_Buttoncheck64:
;Dimmer e Sensor.c,257 :: 		while(TestCount++ < 25) //Turn on for a short period
0x00DD	0x0831      	MOVF       _TestCount, 0
0x00DE	0x00F1      	MOVWF      R1
0x00DF	0x0832      	MOVF       _TestCount+1, 0
0x00E0	0x00F2      	MOVWF      R1+1
0x00E1	0x0AB1      	INCF       _TestCount, 1
0x00E2	0x1903      	BTFSC      STATUS, 2
0x00E3	0x0AB2      	INCF       _TestCount+1, 1
0x00E4	0x3000      	MOVLW      0
0x00E5	0x0272      	SUBWF      R1+1, 0
0x00E6	0x1D03      	BTFSS      STATUS, 2
0x00E7	0x28EA      	GOTO       L__Buttoncheck129
0x00E8	0x3019      	MOVLW      25
0x00E9	0x0271      	SUBWF      R1, 0
L__Buttoncheck129:
0x00EA	0x1803      	BTFSC      STATUS, 0
0x00EB	0x28F1      	GOTO       L_Buttoncheck66
;Dimmer e Sensor.c,259 :: 		PercentOn = Maxbrt;
0x00EC	0x30FD      	MOVLW      253
0x00ED	0x00AF      	MOVWF      _PercentOn
0x00EE	0x3000      	MOVLW      0
0x00EF	0x00B0      	MOVWF      _PercentOn+1
;Dimmer e Sensor.c,260 :: 		return;
0x00F0	0x0008      	RETURN
;Dimmer e Sensor.c,261 :: 		}
L_Buttoncheck66:
;Dimmer e Sensor.c,262 :: 		while(TestCount++ < 30) //Turn off for a short period
0x00F1	0x0831      	MOVF       _TestCount, 0
0x00F2	0x00F1      	MOVWF      R1
0x00F3	0x0832      	MOVF       _TestCount+1, 0
0x00F4	0x00F2      	MOVWF      R1+1
0x00F5	0x0AB1      	INCF       _TestCount, 1
0x00F6	0x1903      	BTFSC      STATUS, 2
0x00F7	0x0AB2      	INCF       _TestCount+1, 1
0x00F8	0x3000      	MOVLW      0
0x00F9	0x0272      	SUBWF      R1+1, 0
0x00FA	0x1D03      	BTFSS      STATUS, 2
0x00FB	0x28FE      	GOTO       L__Buttoncheck130
0x00FC	0x301E      	MOVLW      30
0x00FD	0x0271      	SUBWF      R1, 0
L__Buttoncheck130:
0x00FE	0x1803      	BTFSC      STATUS, 0
0x00FF	0x2905      	GOTO       L_Buttoncheck68
;Dimmer e Sensor.c,264 :: 		PercentOn = Maxdim;
0x0100	0x0822      	MOVF       _Maxdim, 0
0x0101	0x00AF      	MOVWF      _PercentOn
0x0102	0x0823      	MOVF       _Maxdim+1, 0
0x0103	0x00B0      	MOVWF      _PercentOn+1
;Dimmer e Sensor.c,265 :: 		return;
0x0104	0x0008      	RETURN
;Dimmer e Sensor.c,266 :: 		}
L_Buttoncheck68:
;Dimmer e Sensor.c,267 :: 		PercentOn = Maxdim;
0x0105	0x0822      	MOVF       _Maxdim, 0
0x0106	0x00AF      	MOVWF      _PercentOn
0x0107	0x0823      	MOVF       _Maxdim+1, 0
0x0108	0x00B0      	MOVWF      _PercentOn+1
;Dimmer e Sensor.c,268 :: 		TestCount = 0; //Reset to beggining of test sequence
0x0109	0x01B1      	CLRF       _TestCount
0x010A	0x01B2      	CLRF       _TestCount+1
;Dimmer e Sensor.c,269 :: 		if(++Outcount == 255) //Run 255 cycles of test mode
0x010B	0x0AA0      	INCF       _Outcount, 1
0x010C	0x1903      	BTFSC      STATUS, 2
0x010D	0x0AA1      	INCF       _Outcount+1, 1
0x010E	0x3000      	MOVLW      0
0x010F	0x0621      	XORWF      _Outcount+1, 0
0x0110	0x1D03      	BTFSS      STATUS, 2
0x0111	0x2914      	GOTO       L__Buttoncheck131
0x0112	0x30FF      	MOVLW      255
0x0113	0x0620      	XORWF      _Outcount, 0
L__Buttoncheck131:
0x0114	0x1D03      	BTFSS      STATUS, 2
0x0115	0x291E      	GOTO       L_Buttoncheck69
;Dimmer e Sensor.c,271 :: 		TestCheck = 0; //Clear Test mode flag
0x0116	0x01A9      	CLRF       _TestCheck
0x0117	0x01AA      	CLRF       _TestCheck+1
;Dimmer e Sensor.c,272 :: 		DelayCnt = NotInTest;
0x0118	0x3003      	MOVLW      3
0x0119	0x00AD      	MOVWF      _DelayCnt
0x011A	0x3000      	MOVLW      0
0x011B	0x00AE      	MOVWF      _DelayCnt+1
;Dimmer e Sensor.c,273 :: 		Outcount = 0;
0x011C	0x01A0      	CLRF       _Outcount
0x011D	0x01A1      	CLRF       _Outcount+1
;Dimmer e Sensor.c,274 :: 		}
L_Buttoncheck69:
;Dimmer e Sensor.c,275 :: 		return;
0x011E	0x0008      	RETURN
;Dimmer e Sensor.c,276 :: 		}
L_Buttoncheck47:
;Dimmer e Sensor.c,277 :: 		if(TestCheck) //If Test mode not entered quickly,
0x011F	0x0829      	MOVF       _TestCheck, 0
0x0120	0x042A      	IORWF      _TestCheck+1, 0
0x0121	0x1903      	BTFSC      STATUS, 2
0x0122	0x2936      	GOTO       L_Buttoncheck70
;Dimmer e Sensor.c,278 :: 		if(++Outcount == 0x60) // quit checking
0x0123	0x0AA0      	INCF       _Outcount, 1
0x0124	0x1903      	BTFSC      STATUS, 2
0x0125	0x0AA1      	INCF       _Outcount+1, 1
0x0126	0x3000      	MOVLW      0
0x0127	0x0621      	XORWF      _Outcount+1, 0
0x0128	0x1D03      	BTFSS      STATUS, 2
0x0129	0x292C      	GOTO       L__Buttoncheck132
0x012A	0x3060      	MOVLW      96
0x012B	0x0620      	XORWF      _Outcount, 0
L__Buttoncheck132:
0x012C	0x1D03      	BTFSS      STATUS, 2
0x012D	0x2936      	GOTO       L_Buttoncheck71
;Dimmer e Sensor.c,280 :: 		DelayCnt = NotInTest;
0x012E	0x3003      	MOVLW      3
0x012F	0x00AD      	MOVWF      _DelayCnt
0x0130	0x3000      	MOVLW      0
0x0131	0x00AE      	MOVWF      _DelayCnt+1
;Dimmer e Sensor.c,281 :: 		Outcount = 0;
0x0132	0x01A0      	CLRF       _Outcount
0x0133	0x01A1      	CLRF       _Outcount+1
;Dimmer e Sensor.c,282 :: 		TestCheck = 0;
0x0134	0x01A9      	CLRF       _TestCheck
0x0135	0x01AA      	CLRF       _TestCheck+1
;Dimmer e Sensor.c,283 :: 		}
L_Buttoncheck71:
L_Buttoncheck70:
;Dimmer e Sensor.c,284 :: 		if(!TestCheck && !Brtbut && !Dimbut) //Check bright & dim at same time
0x0136	0x0829      	MOVF       _TestCheck, 0
0x0137	0x042A      	IORWF      _TestCheck+1, 0
0x0138	0x1D03      	BTFSS      STATUS, 2
0x0139	0x2942      	GOTO       L_Buttoncheck74
0x013A	0x1A05      	BTFSC      PORTA, 4
0x013B	0x2942      	GOTO       L_Buttoncheck74
0x013C	0x1A07      	BTFSC      PORTC, 4
0x013D	0x2942      	GOTO       L_Buttoncheck74
L__Buttoncheck111:
;Dimmer e Sensor.c,285 :: 		TestCheck = 1; //If both pressed, set to look for next combo
0x013E	0x3001      	MOVLW      1
0x013F	0x00A9      	MOVWF      _TestCheck
0x0140	0x3000      	MOVLW      0
0x0141	0x00AA      	MOVWF      _TestCheck+1
L_Buttoncheck74:
;Dimmer e Sensor.c,286 :: 		if(TestCheck == 1 && !Brtbut && Dimbut) //Check for only bright button pressed
0x0142	0x3000      	MOVLW      0
0x0143	0x062A      	XORWF      _TestCheck+1, 0
0x0144	0x1D03      	BTFSS      STATUS, 2
0x0145	0x2948      	GOTO       L__Buttoncheck133
0x0146	0x3001      	MOVLW      1
0x0147	0x0629      	XORWF      _TestCheck, 0
L__Buttoncheck133:
0x0148	0x1D03      	BTFSS      STATUS, 2
0x0149	0x2952      	GOTO       L_Buttoncheck77
0x014A	0x1A05      	BTFSC      PORTA, 4
0x014B	0x2952      	GOTO       L_Buttoncheck77
0x014C	0x1E07      	BTFSS      PORTC, 4
0x014D	0x2952      	GOTO       L_Buttoncheck77
L__Buttoncheck110:
;Dimmer e Sensor.c,287 :: 		TestCheck = 2; //If pressed, set to look for next combo
0x014E	0x3002      	MOVLW      2
0x014F	0x00A9      	MOVWF      _TestCheck
0x0150	0x3000      	MOVLW      0
0x0151	0x00AA      	MOVWF      _TestCheck+1
L_Buttoncheck77:
;Dimmer e Sensor.c,288 :: 		if(TestCheck == 2 && !Brtbut && !Dimbut) //Check for both pressed again
0x0152	0x3000      	MOVLW      0
0x0153	0x062A      	XORWF      _TestCheck+1, 0
0x0154	0x1D03      	BTFSS      STATUS, 2
0x0155	0x2958      	GOTO       L__Buttoncheck134
0x0156	0x3002      	MOVLW      2
0x0157	0x0629      	XORWF      _TestCheck, 0
L__Buttoncheck134:
0x0158	0x1D03      	BTFSS      STATUS, 2
0x0159	0x296A      	GOTO       L_Buttoncheck80
0x015A	0x1A05      	BTFSC      PORTA, 4
0x015B	0x296A      	GOTO       L_Buttoncheck80
0x015C	0x1A07      	BTFSC      PORTC, 4
0x015D	0x296A      	GOTO       L_Buttoncheck80
L__Buttoncheck109:
;Dimmer e Sensor.c,290 :: 		TestCheck = 3; //Enable test mode
0x015E	0x3003      	MOVLW      3
0x015F	0x00A9      	MOVWF      _TestCheck
0x0160	0x3000      	MOVLW      0
0x0161	0x00AA      	MOVWF      _TestCheck+1
;Dimmer e Sensor.c,291 :: 		TestCount = 0;
0x0162	0x01B1      	CLRF       _TestCount
0x0163	0x01B2      	CLRF       _TestCount+1
;Dimmer e Sensor.c,292 :: 		PercentOn = Maxdim;
0x0164	0x0822      	MOVF       _Maxdim, 0
0x0165	0x00AF      	MOVWF      _PercentOn
0x0166	0x0823      	MOVF       _Maxdim+1, 0
0x0167	0x00B0      	MOVWF      _PercentOn+1
;Dimmer e Sensor.c,293 :: 		Outcount = 0;
0x0168	0x01A0      	CLRF       _Outcount
0x0169	0x01A1      	CLRF       _Outcount+1
;Dimmer e Sensor.c,294 :: 		}
L_Buttoncheck80:
;Dimmer e Sensor.c,295 :: 		if(!Dimbut && !Brtbut) //If both pressed
0x016A	0x1A07      	BTFSC      PORTC, 4
0x016B	0x298C      	GOTO       L_Buttoncheck83
0x016C	0x1A05      	BTFSC      PORTA, 4
0x016D	0x298C      	GOTO       L_Buttoncheck83
L__Buttoncheck108:
;Dimmer e Sensor.c,297 :: 		if(LastBoth == 0) //Don't flash if held
0x016E	0x3000      	MOVLW      0
0x016F	0x0625      	XORWF      _LastBoth+1, 0
0x0170	0x1D03      	BTFSS      STATUS, 2
0x0171	0x2974      	GOTO       L__Buttoncheck135
0x0172	0x3000      	MOVLW      0
0x0173	0x0624      	XORWF      _LastBoth, 0
L__Buttoncheck135:
0x0174	0x1D03      	BTFSS      STATUS, 2
0x0175	0x298B      	GOTO       L_Buttoncheck84
;Dimmer e Sensor.c,299 :: 		LastBoth = 1;
0x0176	0x3001      	MOVLW      1
0x0177	0x00A4      	MOVWF      _LastBoth
0x0178	0x3000      	MOVLW      0
0x0179	0x00A5      	MOVWF      _LastBoth+1
;Dimmer e Sensor.c,301 :: 		if(PercentOn == Maxdim) //If full off...
0x017A	0x0830      	MOVF       _PercentOn+1, 0
0x017B	0x0623      	XORWF      _Maxdim+1, 0
0x017C	0x1D03      	BTFSS      STATUS, 2
0x017D	0x2980      	GOTO       L__Buttoncheck136
0x017E	0x0822      	MOVF       _Maxdim, 0
0x017F	0x062F      	XORWF      _PercentOn, 0
L__Buttoncheck136:
0x0180	0x1D03      	BTFSS      STATUS, 2
0x0181	0x2987      	GOTO       L_Buttoncheck85
;Dimmer e Sensor.c,302 :: 		PercentOn = Maxbrt; // turn full on...
0x0182	0x30FD      	MOVLW      253
0x0183	0x00AF      	MOVWF      _PercentOn
0x0184	0x3000      	MOVLW      0
0x0185	0x00B0      	MOVWF      _PercentOn+1
0x0186	0x298B      	GOTO       L_Buttoncheck86
L_Buttoncheck85:
;Dimmer e Sensor.c,304 :: 		PercentOn = Maxdim; // otherwise turn off
0x0187	0x0822      	MOVF       _Maxdim, 0
0x0188	0x00AF      	MOVWF      _PercentOn
0x0189	0x0823      	MOVF       _Maxdim+1, 0
0x018A	0x00B0      	MOVWF      _PercentOn+1
L_Buttoncheck86:
;Dimmer e Sensor.c,305 :: 		}
L_Buttoncheck84:
;Dimmer e Sensor.c,306 :: 		}
0x018B	0x298E      	GOTO       L_Buttoncheck87
L_Buttoncheck83:
;Dimmer e Sensor.c,308 :: 		LastBoth = 0;
0x018C	0x01A4      	CLRF       _LastBoth
0x018D	0x01A5      	CLRF       _LastBoth+1
L_Buttoncheck87:
;Dimmer e Sensor.c,309 :: 		if(!Brtbut && Dimbut) //Check for brighten cmd
0x018E	0x1A05      	BTFSC      PORTA, 4
0x018F	0x299C      	GOTO       L_Buttoncheck90
0x0190	0x1E07      	BTFSS      PORTC, 4
0x0191	0x299C      	GOTO       L_Buttoncheck90
L__Buttoncheck107:
;Dimmer e Sensor.c,311 :: 		if(sw_auto)
0x0192	0x1C28      	BTFSS      _sw_auto, BitPos(_sw_auto+0)
0x0193	0x2999      	GOTO       L_Buttoncheck91
;Dimmer e Sensor.c,312 :: 		PercentOn = Maxbrt;
0x0194	0x30FD      	MOVLW      253
0x0195	0x00AF      	MOVWF      _PercentOn
0x0196	0x3000      	MOVLW      0
0x0197	0x00B0      	MOVWF      _PercentOn+1
0x0198	0x299C      	GOTO       L_Buttoncheck92
L_Buttoncheck91:
;Dimmer e Sensor.c,314 :: 		PercentOn ++;
0x0199	0x0AAF      	INCF       _PercentOn, 1
0x019A	0x1903      	BTFSC      STATUS, 2
0x019B	0x0AB0      	INCF       _PercentOn+1, 1
L_Buttoncheck92:
;Dimmer e Sensor.c,315 :: 		}
L_Buttoncheck90:
;Dimmer e Sensor.c,316 :: 		if(Brtbut && !Dimbut) //Check for dim cmd
0x019C	0x1E05      	BTFSS      PORTA, 4
0x019D	0x29AB      	GOTO       L_Buttoncheck95
0x019E	0x1A07      	BTFSC      PORTC, 4
0x019F	0x29AB      	GOTO       L_Buttoncheck95
L__Buttoncheck106:
;Dimmer e Sensor.c,318 :: 		if(sw_auto)
0x01A0	0x1C28      	BTFSS      _sw_auto, BitPos(_sw_auto+0)
0x01A1	0x29A7      	GOTO       L_Buttoncheck96
;Dimmer e Sensor.c,319 :: 		PercentOn = Maxdim;
0x01A2	0x0822      	MOVF       _Maxdim, 0
0x01A3	0x00AF      	MOVWF      _PercentOn
0x01A4	0x0823      	MOVF       _Maxdim+1, 0
0x01A5	0x00B0      	MOVWF      _PercentOn+1
0x01A6	0x29AB      	GOTO       L_Buttoncheck97
L_Buttoncheck96:
;Dimmer e Sensor.c,321 :: 		PercentOn --;
0x01A7	0x3001      	MOVLW      1
0x01A8	0x02AF      	SUBWF      _PercentOn, 1
0x01A9	0x1C03      	BTFSS      STATUS, 0
0x01AA	0x03B0      	DECF       _PercentOn+1, 1
L_Buttoncheck97:
;Dimmer e Sensor.c,322 :: 		}
L_Buttoncheck95:
;Dimmer e Sensor.c,324 :: 		if(sw_auto)
0x01AB	0x1C28      	BTFSS      _sw_auto, BitPos(_sw_auto+0)
0x01AC	0x29D6      	GOTO       L_Buttoncheck98
;Dimmer e Sensor.c,326 :: 		en0 = (int)sensor_out - (int)set_point;
0x01AD	0x083F      	MOVF       _set_point, 0
0x01AE	0x0233      	SUBWF      _sensor_out, 0
0x01AF	0x00F1      	MOVWF      R1
0x01B0	0x0840      	MOVF       _set_point+1, 0
0x01B1	0x1C03      	BTFSS      STATUS, 0
0x01B2	0x3E01      	ADDLW      1
0x01B3	0x0234      	SUBWF      _sensor_out+1, 0
0x01B4	0x00F2      	MOVWF      R1+1
0x01B5	0x0871      	MOVF       R1, 0
0x01B6	0x00A6      	MOVWF      _en0
0x01B7	0x0872      	MOVF       R1+1, 0
0x01B8	0x00A7      	MOVWF      _en0+1
;Dimmer e Sensor.c,328 :: 		if(en0 > 0)
0x01B9	0x3080      	MOVLW      128
0x01BA	0x00F0      	MOVWF      R0
0x01BB	0x3080      	MOVLW      128
0x01BC	0x0672      	XORWF      R1+1, 0
0x01BD	0x0270      	SUBWF      R0, 0
0x01BE	0x1D03      	BTFSS      STATUS, 2
0x01BF	0x29C2      	GOTO       L__Buttoncheck137
0x01C0	0x0871      	MOVF       R1, 0
0x01C1	0x3C00      	SUBLW      0
L__Buttoncheck137:
0x01C2	0x1803      	BTFSC      STATUS, 0
0x01C3	0x29C8      	GOTO       L_Buttoncheck99
;Dimmer e Sensor.c,330 :: 		PercentOn --;
0x01C4	0x3001      	MOVLW      1
0x01C5	0x02AF      	SUBWF      _PercentOn, 1
0x01C6	0x1C03      	BTFSS      STATUS, 0
0x01C7	0x03B0      	DECF       _PercentOn+1, 1
;Dimmer e Sensor.c,331 :: 		}
L_Buttoncheck99:
;Dimmer e Sensor.c,332 :: 		if(en0 < 0)
0x01C8	0x3080      	MOVLW      128
0x01C9	0x0627      	XORWF      _en0+1, 0
0x01CA	0x00F0      	MOVWF      R0
0x01CB	0x3080      	MOVLW      128
0x01CC	0x0270      	SUBWF      R0, 0
0x01CD	0x1D03      	BTFSS      STATUS, 2
0x01CE	0x29D1      	GOTO       L__Buttoncheck138
0x01CF	0x3000      	MOVLW      0
0x01D0	0x0226      	SUBWF      _en0, 0
L__Buttoncheck138:
0x01D1	0x1803      	BTFSC      STATUS, 0
0x01D2	0x29D6      	GOTO       L_Buttoncheck100
;Dimmer e Sensor.c,334 :: 		PercentOn ++;
0x01D3	0x0AAF      	INCF       _PercentOn, 1
0x01D4	0x1903      	BTFSC      STATUS, 2
0x01D5	0x0AB0      	INCF       _PercentOn+1, 1
;Dimmer e Sensor.c,335 :: 		}
L_Buttoncheck100:
;Dimmer e Sensor.c,337 :: 		}
L_Buttoncheck98:
;Dimmer e Sensor.c,339 :: 		if(PercentOn > Maxbrt) //If greater than full bright
0x01D6	0x0830      	MOVF       _PercentOn+1, 0
0x01D7	0x3C00      	SUBLW      0
0x01D8	0x1D03      	BTFSS      STATUS, 2
0x01D9	0x29DC      	GOTO       L__Buttoncheck139
0x01DA	0x082F      	MOVF       _PercentOn, 0
0x01DB	0x3CFD      	SUBLW      253
L__Buttoncheck139:
0x01DC	0x1803      	BTFSC      STATUS, 0
0x01DD	0x29E2      	GOTO       L_Buttoncheck101
;Dimmer e Sensor.c,340 :: 		PercentOn = Maxbrt;
0x01DE	0x30FD      	MOVLW      253
0x01DF	0x00AF      	MOVWF      _PercentOn
0x01E0	0x3000      	MOVLW      0
0x01E1	0x00B0      	MOVWF      _PercentOn+1
L_Buttoncheck101:
;Dimmer e Sensor.c,341 :: 		if(PercentOn < Maxdim) //If less than full dim
0x01E2	0x0823      	MOVF       _Maxdim+1, 0
0x01E3	0x0230      	SUBWF      _PercentOn+1, 0
0x01E4	0x1D03      	BTFSS      STATUS, 2
0x01E5	0x29E8      	GOTO       L__Buttoncheck140
0x01E6	0x0822      	MOVF       _Maxdim, 0
0x01E7	0x022F      	SUBWF      _PercentOn, 0
L__Buttoncheck140:
0x01E8	0x1803      	BTFSC      STATUS, 0
0x01E9	0x29EE      	GOTO       L_Buttoncheck102
;Dimmer e Sensor.c,342 :: 		PercentOn = Maxdim;
0x01EA	0x0822      	MOVF       _Maxdim, 0
0x01EB	0x00AF      	MOVWF      _PercentOn
0x01EC	0x0823      	MOVF       _Maxdim+1, 0
0x01ED	0x00B0      	MOVWF      _PercentOn+1
L_Buttoncheck102:
;Dimmer e Sensor.c,343 :: 		}
0x01EE	0x0008      	RETURN
; end of _Buttoncheck
_main:
;Dimmer e Sensor.c,52 :: 		void main()
;Dimmer e Sensor.c,54 :: 		OPTION_REG = 0x85;   //1:64 tmr0 prescaler, pullups disabled
0x01EF	0x3085      	MOVLW      133
0x01F0	0x1683      	BSF        STATUS, 5
0x01F1	0x1303      	BCF        STATUS, 6
0x01F2	0x0081      	MOVWF      OPTION_REG
;Dimmer e Sensor.c,55 :: 		PORTA = 0;
0x01F3	0x1283      	BCF        STATUS, 5
0x01F4	0x0185      	CLRF       PORTA
;Dimmer e Sensor.c,56 :: 		PORTB = 0;
0x01F5	0x0186      	CLRF       PORTB
;Dimmer e Sensor.c,57 :: 		PORTC = 0;
0x01F6	0x0187      	CLRF       PORTC
;Dimmer e Sensor.c,58 :: 		ADCON1 = 0x83;       //RA0:RA3 são AN0:3 , RA3=Vref+, RA5 = AN4
0x01F7	0x3083      	MOVLW      131
0x01F8	0x1683      	BSF        STATUS, 5
0x01F9	0x009F      	MOVWF      ADCON1
;Dimmer e Sensor.c,59 :: 		TRISA = 0xFF;        //PORTA é entrada
0x01FA	0x30FF      	MOVLW      255
0x01FB	0x0085      	MOVWF      TRISA
;Dimmer e Sensor.c,60 :: 		TRISB = 0xFF;        //PORTB é saída
0x01FC	0x30FF      	MOVLW      255
0x01FD	0x0086      	MOVWF      TRISB
;Dimmer e Sensor.c,61 :: 		TRISC = 0x30;        //Apenas RC5 é entrada,
0x01FE	0x3030      	MOVLW      48
0x01FF	0x0087      	MOVWF      TRISC
;Dimmer e Sensor.c,64 :: 		T1CON = 0x31;               // Timer1 settings (1:8) + T1ON
0x0200	0x3031      	MOVLW      49
0x0201	0x1283      	BCF        STATUS, 5
0x0202	0x0090      	MOVWF      T1CON
;Dimmer e Sensor.c,65 :: 		TMR1IF_bit = 0;             // clear TMR1IF
0x0203	0x100C      	BCF        TMR1IF_bit, 0
;Dimmer e Sensor.c,66 :: 		TMR1H = 0x80;               // Initialize Timer1 register
0x0204	0x3080      	MOVLW      128
0x0205	0x008F      	MOVWF      TMR1H
;Dimmer e Sensor.c,67 :: 		TMR1L = 0x00;               // to interrupt every 4ms
0x0206	0x018E      	CLRF       TMR1L
;Dimmer e Sensor.c,68 :: 		TMR1IE_bit = 1;             // enable Timer1 Interrupt
0x0207	0x1683      	BSF        STATUS, 5
0x0208	0x140C      	BSF        TMR1IE_bit, 0
;Dimmer e Sensor.c,71 :: 		set_point = 600;  //Começar com um valor de controle
0x0209	0x3058      	MOVLW      88
0x020A	0x1283      	BCF        STATUS, 5
0x020B	0x00BF      	MOVWF      _set_point
0x020C	0x3002      	MOVLW      2
0x020D	0x00C0      	MOVWF      _set_point+1
;Dimmer e Sensor.c,72 :: 		PercentOn = 0xD0; //On Period
0x020E	0x30D0      	MOVLW      208
0x020F	0x00AF      	MOVWF      _PercentOn
0x0210	0x01B0      	CLRF       _PercentOn+1
;Dimmer e Sensor.c,73 :: 		Maxdim = 0x70; //Value of Maximum dimming
0x0211	0x3070      	MOVLW      112
0x0212	0x00A2      	MOVWF      _Maxdim
0x0213	0x3000      	MOVLW      0
0x0214	0x00A3      	MOVWF      _Maxdim+1
;Dimmer e Sensor.c,74 :: 		TestCheck = 0; //Test mode check counter
0x0215	0x01A9      	CLRF       _TestCheck
0x0216	0x01AA      	CLRF       _TestCheck+1
;Dimmer e Sensor.c,75 :: 		Outcount = 0; //Counter for test mode exit
0x0217	0x01A0      	CLRF       _Outcount
0x0218	0x01A1      	CLRF       _Outcount+1
;Dimmer e Sensor.c,76 :: 		TestCount = 0; //Test mode counter
0x0219	0x01B1      	CLRF       _TestCount
0x021A	0x01B2      	CLRF       _TestCount+1
;Dimmer e Sensor.c,77 :: 		DelayCnt = NotInTest; //Delay count
0x021B	0x3003      	MOVLW      3
0x021C	0x00AD      	MOVWF      _DelayCnt
0x021D	0x3000      	MOVLW      0
0x021E	0x00AE      	MOVWF      _DelayCnt+1
;Dimmer e Sensor.c,78 :: 		LastBoth = 0; //Both buttons pressed last time flag
0x021F	0x01A4      	CLRF       _LastBoth
0x0220	0x01A5      	CLRF       _LastBoth+1
;Dimmer e Sensor.c,79 :: 		FirstPass = 1; //Indicate power-up
0x0221	0x3001      	MOVLW      1
0x0222	0x00BD      	MOVWF      _FirstPass
0x0223	0x3000      	MOVLW      0
0x0224	0x00BE      	MOVWF      _FirstPass+1
;Dimmer e Sensor.c,80 :: 		Count = 0; //General counter
0x0225	0x01C1      	CLRF       _Count
0x0226	0x01C2      	CLRF       _Count+1
;Dimmer e Sensor.c,82 :: 		kp = 3;
0x0227	0x3003      	MOVLW      3
0x0228	0x00C5      	MOVWF      _kp
0x0229	0x3000      	MOVLW      0
0x022A	0x00C6      	MOVWF      _kp+1
;Dimmer e Sensor.c,83 :: 		ki = 5;
0x022B	0x3005      	MOVLW      5
0x022C	0x00C3      	MOVWF      _ki
0x022D	0x3000      	MOVLW      0
0x022E	0x00C4      	MOVWF      _ki+1
;Dimmer e Sensor.c,84 :: 		en3 = en2 = en1 = en0 = 0;
0x022F	0x01A6      	CLRF       _en0
0x0230	0x01A7      	CLRF       _en0+1
0x0231	0x01B9      	CLRF       _en1
0x0232	0x01BA      	CLRF       _en1+1
0x0233	0x01B5      	CLRF       _en2
0x0234	0x01B6      	CLRF       _en2+1
0x0235	0x01B7      	CLRF       _en3
0x0236	0x01B8      	CLRF       _en3+1
;Dimmer e Sensor.c,85 :: 		RC0_bit = 1;
0x0237	0x1407      	BSF        RC0_bit, 0
;Dimmer e Sensor.c,87 :: 		for(Count = 0; Count < 60; Count++) //Allow power supply to stabilize
0x0238	0x01C1      	CLRF       _Count
0x0239	0x01C2      	CLRF       _Count+1
L_main1:
0x023A	0x3000      	MOVLW      0
0x023B	0x0242      	SUBWF      _Count+1, 0
0x023C	0x1D03      	BTFSS      STATUS, 2
0x023D	0x2A40      	GOTO       L__main114
0x023E	0x303C      	MOVLW      60
0x023F	0x0241      	SUBWF      _Count, 0
L__main114:
0x0240	0x1803      	BTFSC      STATUS, 0
0x0241	0x2A4D      	GOTO       L_main2
;Dimmer e Sensor.c,89 :: 		while(LineInput == 1);
L_main4:
0x0242	0x1C06      	BTFSS      PORTB, 0
0x0243	0x2A45      	GOTO       L_main5
0x0244	0x2A42      	GOTO       L_main4
L_main5:
;Dimmer e Sensor.c,90 :: 		while(LineInput == 0);
L_main6:
0x0245	0x1806      	BTFSC      PORTB, 0
0x0246	0x2A48      	GOTO       L_main7
0x0247	0x2A45      	GOTO       L_main6
L_main7:
;Dimmer e Sensor.c,91 :: 		asm{CLRWDT};
0x0248	0x0064      	CLRWDT
;Dimmer e Sensor.c,87 :: 		for(Count = 0; Count < 60; Count++) //Allow power supply to stabilize
0x0249	0x0AC1      	INCF       _Count, 1
0x024A	0x1903      	BTFSC      STATUS, 2
0x024B	0x0AC2      	INCF       _Count+1, 1
;Dimmer e Sensor.c,92 :: 		}
0x024C	0x2A3A      	GOTO       L_main1
L_main2:
;Dimmer e Sensor.c,95 :: 		while(LineInput == 1) //Synch to line phase
L_main8:
0x024D	0x1C06      	BTFSS      PORTB, 0
0x024E	0x2A51      	GOTO       L_main9
;Dimmer e Sensor.c,96 :: 		asm{CLRWDT};
0x024F	0x0064      	CLRWDT
0x0250	0x2A4D      	GOTO       L_main8
L_main9:
;Dimmer e Sensor.c,97 :: 		TMR0 = PercentOn; //Get Delay time
0x0251	0x082F      	MOVF       _PercentOn, 0
0x0252	0x0081      	MOVWF      TMR0
;Dimmer e Sensor.c,98 :: 		while(TMR0 >= 3 && LineInput == 0) //Delay to enter main at proper point
L_main10:
0x0253	0x3003      	MOVLW      3
0x0254	0x0201      	SUBWF      TMR0, 0
0x0255	0x1C03      	BTFSS      STATUS, 0
0x0256	0x2A5B      	GOTO       L_main11
0x0257	0x1806      	BTFSC      PORTB, 0
0x0258	0x2A5B      	GOTO       L_main11
L__main105:
;Dimmer e Sensor.c,99 :: 		asm{CLRWDT};
0x0259	0x0064      	CLRWDT
0x025A	0x2A53      	GOTO       L_main10
L_main11:
;Dimmer e Sensor.c,100 :: 		RC1_bit = 1;
0x025B	0x1487      	BSF        RC1_bit, 1
;Dimmer e Sensor.c,101 :: 		INTCON = 0xC0;              // Set GIE, PEIE
0x025C	0x30C0      	MOVLW      192
0x025D	0x008B      	MOVWF      INTCON
;Dimmer e Sensor.c,103 :: 		while(1) //Stay in this loop
L_main14:
;Dimmer e Sensor.c,105 :: 		Count = 0;
0x025E	0x01C1      	CLRF       _Count
0x025F	0x01C2      	CLRF       _Count+1
;Dimmer e Sensor.c,106 :: 		while (Count++ < DelayCnt) //Check for button press every
L_main16:
0x0260	0x0841      	MOVF       _Count, 0
0x0261	0x00F1      	MOVWF      R1
0x0262	0x0842      	MOVF       _Count+1, 0
0x0263	0x00F2      	MOVWF      R1+1
0x0264	0x0AC1      	INCF       _Count, 1
0x0265	0x1903      	BTFSC      STATUS, 2
0x0266	0x0AC2      	INCF       _Count+1, 1
0x0267	0x082E      	MOVF       _DelayCnt+1, 0
0x0268	0x0272      	SUBWF      R1+1, 0
0x0269	0x1D03      	BTFSS      STATUS, 2
0x026A	0x2A6D      	GOTO       L__main115
0x026B	0x082D      	MOVF       _DelayCnt, 0
0x026C	0x0271      	SUBWF      R1, 0
L__main115:
0x026D	0x1803      	BTFSC      STATUS, 0
0x026E	0x2AFB      	GOTO       L_main17
;Dimmer e Sensor.c,109 :: 		if(LineInput == 1) //Check for AC line already high
0x026F	0x1C06      	BTFSS      PORTB, 0
0x0270	0x2A7D      	GOTO       L_main18
;Dimmer e Sensor.c,111 :: 		Maxdim += 5; //If so, increment Maxdim
0x0271	0x3005      	MOVLW      5
0x0272	0x07A2      	ADDWF      _Maxdim, 1
0x0273	0x1803      	BTFSC      STATUS, 0
0x0274	0x0AA3      	INCF       _Maxdim+1, 1
;Dimmer e Sensor.c,112 :: 		while(LineInput == 1); // and re-sync with line
L_main19:
0x0275	0x1C06      	BTFSS      PORTB, 0
0x0276	0x2A78      	GOTO       L_main20
0x0277	0x2A75      	GOTO       L_main19
L_main20:
;Dimmer e Sensor.c,113 :: 		while(LineInput == 0)
L_main21:
0x0278	0x1806      	BTFSC      PORTB, 0
0x0279	0x2A7C      	GOTO       L_main22
;Dimmer e Sensor.c,114 :: 		asm{CLRWDT};
0x027A	0x0064      	CLRWDT
0x027B	0x2A78      	GOTO       L_main21
L_main22:
;Dimmer e Sensor.c,115 :: 		}
0x027C	0x2A8D      	GOTO       L_main23
L_main18:
;Dimmer e Sensor.c,118 :: 		while(LineInput == 0) //Wait for zero crossing
L_main24:
0x027D	0x1806      	BTFSC      PORTB, 0
0x027E	0x2A81      	GOTO       L_main25
;Dimmer e Sensor.c,119 :: 		asm{CLRWDT};
0x027F	0x0064      	CLRWDT
0x0280	0x2A7D      	GOTO       L_main24
L_main25:
;Dimmer e Sensor.c,120 :: 		Maxdim = PercentOn - TMR0 + 2; //Compensate full dim value for line
0x0281	0x0801      	MOVF       TMR0, 0
0x0282	0x022F      	SUBWF      _PercentOn, 0
0x0283	0x00A2      	MOVWF      _Maxdim
0x0284	0x3000      	MOVLW      0
0x0285	0x1C03      	BTFSS      STATUS, 0
0x0286	0x3E01      	ADDLW      1
0x0287	0x0230      	SUBWF      _PercentOn+1, 0
0x0288	0x00A3      	MOVWF      _Maxdim+1
0x0289	0x3002      	MOVLW      2
0x028A	0x07A2      	ADDWF      _Maxdim, 1
0x028B	0x1803      	BTFSC      STATUS, 0
0x028C	0x0AA3      	INCF       _Maxdim+1, 1
;Dimmer e Sensor.c,122 :: 		}
L_main23:
;Dimmer e Sensor.c,123 :: 		if(FirstPass == 1) //If first pass, go to full dim
0x028D	0x3000      	MOVLW      0
0x028E	0x063E      	XORWF      _FirstPass+1, 0
0x028F	0x1D03      	BTFSS      STATUS, 2
0x0290	0x2A93      	GOTO       L__main116
0x0291	0x3001      	MOVLW      1
0x0292	0x063D      	XORWF      _FirstPass, 0
L__main116:
0x0293	0x1D03      	BTFSS      STATUS, 2
0x0294	0x2A9B      	GOTO       L_main26
;Dimmer e Sensor.c,125 :: 		FirstPass = 0;
0x0295	0x01BD      	CLRF       _FirstPass
0x0296	0x01BE      	CLRF       _FirstPass+1
;Dimmer e Sensor.c,126 :: 		PercentOn = Maxdim;
0x0297	0x0822      	MOVF       _Maxdim, 0
0x0298	0x00AF      	MOVWF      _PercentOn
0x0299	0x0823      	MOVF       _Maxdim+1, 0
0x029A	0x00B0      	MOVWF      _PercentOn+1
;Dimmer e Sensor.c,127 :: 		}
L_main26:
;Dimmer e Sensor.c,128 :: 		if(PercentOn < Maxdim) //If maxdim moved, fix brightness
0x029B	0x0823      	MOVF       _Maxdim+1, 0
0x029C	0x0230      	SUBWF      _PercentOn+1, 0
0x029D	0x1D03      	BTFSS      STATUS, 2
0x029E	0x2AA1      	GOTO       L__main117
0x029F	0x0822      	MOVF       _Maxdim, 0
0x02A0	0x022F      	SUBWF      _PercentOn, 0
L__main117:
0x02A1	0x1803      	BTFSC      STATUS, 0
0x02A2	0x2AA7      	GOTO       L_main27
;Dimmer e Sensor.c,129 :: 		PercentOn = Maxdim;
0x02A3	0x0822      	MOVF       _Maxdim, 0
0x02A4	0x00AF      	MOVWF      _PercentOn
0x02A5	0x0823      	MOVF       _Maxdim+1, 0
0x02A6	0x00B0      	MOVWF      _PercentOn+1
L_main27:
;Dimmer e Sensor.c,130 :: 		TMR0 = PercentOn; //Get delay time
0x02A7	0x082F      	MOVF       _PercentOn, 0
0x02A8	0x0081      	MOVWF      TMR0
;Dimmer e Sensor.c,131 :: 		while(TMR0 >= 3 && LineInput == 1) //Delay TRIAC turn on (wait for Counter rollover)
L_main28:
0x02A9	0x3003      	MOVLW      3
0x02AA	0x0201      	SUBWF      TMR0, 0
0x02AB	0x1C03      	BTFSS      STATUS, 0
0x02AC	0x2AB1      	GOTO       L_main29
0x02AD	0x1C06      	BTFSS      PORTB, 0
0x02AE	0x2AB1      	GOTO       L_main29
L__main104:
;Dimmer e Sensor.c,132 :: 		asm{CLRWDT};
0x02AF	0x0064      	CLRWDT
0x02B0	0x2AA9      	GOTO       L_main28
L_main29:
;Dimmer e Sensor.c,134 :: 		Output = 1; //Fire TRIAC
0x02B1	0x1707      	BSF        PORTC, 6
;Dimmer e Sensor.c,135 :: 		asm{NOP}; //Delay for TRIAC fire pulse
0x02B2	0x0000      	NOP
;Dimmer e Sensor.c,136 :: 		asm{NOP};
0x02B3	0x0000      	NOP
;Dimmer e Sensor.c,137 :: 		asm{NOP};
0x02B4	0x0000      	NOP
;Dimmer e Sensor.c,138 :: 		asm{NOP};
0x02B5	0x0000      	NOP
;Dimmer e Sensor.c,139 :: 		asm{NOP};
0x02B6	0x0000      	NOP
;Dimmer e Sensor.c,140 :: 		asm{NOP};
0x02B7	0x0000      	NOP
;Dimmer e Sensor.c,141 :: 		asm{NOP};
0x02B8	0x0000      	NOP
;Dimmer e Sensor.c,142 :: 		Output = 0; //Release TRIAC fire Signal
0x02B9	0x1307      	BCF        PORTC, 6
;Dimmer e Sensor.c,143 :: 		asm{CLRWDT};
0x02BA	0x0064      	CLRWDT
;Dimmer e Sensor.c,144 :: 		RC2_bit = 1;
0x02BB	0x1507      	BSF        RC2_bit, 2
;Dimmer e Sensor.c,145 :: 		if(LineInput == 0) //Check for AC line already low
0x02BC	0x1806      	BTFSC      PORTB, 0
0x02BD	0x2ACA      	GOTO       L_main32
;Dimmer e Sensor.c,147 :: 		Maxdim += 5; //If so, increment Maxdim
0x02BE	0x3005      	MOVLW      5
0x02BF	0x07A2      	ADDWF      _Maxdim, 1
0x02C0	0x1803      	BTFSC      STATUS, 0
0x02C1	0x0AA3      	INCF       _Maxdim+1, 1
;Dimmer e Sensor.c,148 :: 		while(LineInput == 0); // and re-sync with line
L_main33:
0x02C2	0x1806      	BTFSC      PORTB, 0
0x02C3	0x2AC5      	GOTO       L_main34
0x02C4	0x2AC2      	GOTO       L_main33
L_main34:
;Dimmer e Sensor.c,149 :: 		while(LineInput == 1)
L_main35:
0x02C5	0x1C06      	BTFSS      PORTB, 0
0x02C6	0x2AC9      	GOTO       L_main36
;Dimmer e Sensor.c,150 :: 		asm{CLRWDT};
0x02C7	0x0064      	CLRWDT
0x02C8	0x2AC5      	GOTO       L_main35
L_main36:
;Dimmer e Sensor.c,151 :: 		}
0x02C9	0x2ADA      	GOTO       L_main37
L_main32:
;Dimmer e Sensor.c,154 :: 		while(LineInput==1) //Wait for zero crossing
L_main38:
0x02CA	0x1C06      	BTFSS      PORTB, 0
0x02CB	0x2ACE      	GOTO       L_main39
;Dimmer e Sensor.c,155 :: 		asm{CLRWDT};
0x02CC	0x0064      	CLRWDT
0x02CD	0x2ACA      	GOTO       L_main38
L_main39:
;Dimmer e Sensor.c,156 :: 		Maxdim = PercentOn - TMR0 + 2; //Compensate full dim value for line
0x02CE	0x0801      	MOVF       TMR0, 0
0x02CF	0x022F      	SUBWF      _PercentOn, 0
0x02D0	0x00A2      	MOVWF      _Maxdim
0x02D1	0x3000      	MOVLW      0
0x02D2	0x1C03      	BTFSS      STATUS, 0
0x02D3	0x3E01      	ADDLW      1
0x02D4	0x0230      	SUBWF      _PercentOn+1, 0
0x02D5	0x00A3      	MOVWF      _Maxdim+1
0x02D6	0x3002      	MOVLW      2
0x02D7	0x07A2      	ADDWF      _Maxdim, 1
0x02D8	0x1803      	BTFSC      STATUS, 0
0x02D9	0x0AA3      	INCF       _Maxdim+1, 1
;Dimmer e Sensor.c,158 :: 		}
L_main37:
;Dimmer e Sensor.c,159 :: 		if(PercentOn < Maxdim) //If maxdim moved, fix brightness
0x02DA	0x0823      	MOVF       _Maxdim+1, 0
0x02DB	0x0230      	SUBWF      _PercentOn+1, 0
0x02DC	0x1D03      	BTFSS      STATUS, 2
0x02DD	0x2AE0      	GOTO       L__main118
0x02DE	0x0822      	MOVF       _Maxdim, 0
0x02DF	0x022F      	SUBWF      _PercentOn, 0
L__main118:
0x02E0	0x1803      	BTFSC      STATUS, 0
0x02E1	0x2AE6      	GOTO       L_main40
;Dimmer e Sensor.c,160 :: 		PercentOn = Maxdim;
0x02E2	0x0822      	MOVF       _Maxdim, 0
0x02E3	0x00AF      	MOVWF      _PercentOn
0x02E4	0x0823      	MOVF       _Maxdim+1, 0
0x02E5	0x00B0      	MOVWF      _PercentOn+1
L_main40:
;Dimmer e Sensor.c,161 :: 		TMR0 = PercentOn; //Get Delay time
0x02E6	0x082F      	MOVF       _PercentOn, 0
0x02E7	0x0081      	MOVWF      TMR0
;Dimmer e Sensor.c,162 :: 		while(TMR0 >= 3 && LineInput == 0) //Delay TRIAC turn on
L_main41:
0x02E8	0x3003      	MOVLW      3
0x02E9	0x0201      	SUBWF      TMR0, 0
0x02EA	0x1C03      	BTFSS      STATUS, 0
0x02EB	0x2AF0      	GOTO       L_main42
0x02EC	0x1806      	BTFSC      PORTB, 0
0x02ED	0x2AF0      	GOTO       L_main42
L__main103:
;Dimmer e Sensor.c,163 :: 		asm{CLRWDT};
0x02EE	0x0064      	CLRWDT
0x02EF	0x2AE8      	GOTO       L_main41
L_main42:
;Dimmer e Sensor.c,164 :: 		Output = 1; //Fire TRIAC
0x02F0	0x1707      	BSF        PORTC, 6
;Dimmer e Sensor.c,165 :: 		asm{NOP}; //Delay for TRIAC fire pulse
0x02F1	0x0000      	NOP
;Dimmer e Sensor.c,166 :: 		asm{NOP};
0x02F2	0x0000      	NOP
;Dimmer e Sensor.c,167 :: 		asm{NOP};
0x02F3	0x0000      	NOP
;Dimmer e Sensor.c,168 :: 		asm{NOP};
0x02F4	0x0000      	NOP
;Dimmer e Sensor.c,169 :: 		asm{NOP};
0x02F5	0x0000      	NOP
;Dimmer e Sensor.c,170 :: 		asm{NOP};
0x02F6	0x0000      	NOP
;Dimmer e Sensor.c,171 :: 		asm{NOP};
0x02F7	0x0000      	NOP
;Dimmer e Sensor.c,172 :: 		Output = 0;    //Release TRIAC fire signal
0x02F8	0x1307      	BCF        PORTC, 6
;Dimmer e Sensor.c,173 :: 		asm{CLRWDT};
0x02F9	0x0064      	CLRWDT
;Dimmer e Sensor.c,174 :: 		}
0x02FA	0x2A60      	GOTO       L_main16
L_main17:
;Dimmer e Sensor.c,176 :: 		sensor_out = ADC_Read(2);
0x02FB	0x3002      	MOVLW      2
0x02FC	0x00C9      	MOVWF      FARG_ADC_Read_channel
0x02FD	0x201A      	CALL       _ADC_Read
0x02FE	0x0870      	MOVF       R0, 0
0x02FF	0x1283      	BCF        STATUS, 5
0x0300	0x00B3      	MOVWF      _sensor_out
0x0301	0x0871      	MOVF       R0+1, 0
0x0302	0x00B4      	MOVWF      _sensor_out+1
;Dimmer e Sensor.c,178 :: 		auto_normal = ADC_Read(4);
0x0303	0x3004      	MOVLW      4
0x0304	0x00C9      	MOVWF      FARG_ADC_Read_channel
0x0305	0x201A      	CALL       _ADC_Read
0x0306	0x0870      	MOVF       R0, 0
0x0307	0x1283      	BCF        STATUS, 5
0x0308	0x00BB      	MOVWF      _auto_normal
0x0309	0x0871      	MOVF       R0+1, 0
0x030A	0x00BC      	MOVWF      _auto_normal+1
;Dimmer e Sensor.c,179 :: 		if(auto_normal >= 500)
0x030B	0x3001      	MOVLW      1
0x030C	0x0271      	SUBWF      R0+1, 0
0x030D	0x1D03      	BTFSS      STATUS, 2
0x030E	0x2B11      	GOTO       L__main119
0x030F	0x30F4      	MOVLW      244
0x0310	0x0270      	SUBWF      R0, 0
L__main119:
0x0311	0x1C03      	BTFSS      STATUS, 0
0x0312	0x2B15      	GOTO       L_main45
;Dimmer e Sensor.c,180 :: 		sw_auto = 1;
0x0313	0x1428      	BSF        _sw_auto, BitPos(_sw_auto+0)
0x0314	0x2B16      	GOTO       L_main46
L_main45:
;Dimmer e Sensor.c,182 :: 		sw_auto = 0;
0x0315	0x1028      	BCF        _sw_auto, BitPos(_sw_auto+0)
L_main46:
;Dimmer e Sensor.c,184 :: 		Buttoncheck(); //Check for button press
0x0316	0x203E      	CALL       _Buttoncheck
;Dimmer e Sensor.c,185 :: 		asm{CLRWDT};
0x0317	0x0064      	CLRWDT
;Dimmer e Sensor.c,186 :: 		RC3_bit = 1;
0x0318	0x1587      	BSF        RC3_bit, 3
;Dimmer e Sensor.c,187 :: 		}
0x0319	0x2A5E      	GOTO       L_main14
;Dimmer e Sensor.c,188 :: 		}
0x031A	0x2B1A      	GOTO       $+0
; end of _main
Symbol List:
//** Routines locations **
//ADDRESS    SIZE    PROCEDURE
//----------------------------------------------
0x0004      [17]    _interrupt
0x0015       [5]    _Delay_22us
0x001A      [36]    _ADC_Read
0x003E     [433]    _Buttoncheck
0x01EF     [300]    _main
//** Variables locations ** 
//ADDRESS    SIZE    VARIABLE
//----------------------------------------------
0x0000       [1]    INDF
0x0001       [1]    TMR0
0x0002       [1]    PCL
0x0003       [0]    IRP_bit
0x0003       [0]    NOT_PD_bit
0x0003       [0]    RP1_bit
0x0003       [0]    Z_bit
0x0003       [0]    DC_bit
0x0003       [0]    NOT_TO_bit
0x0003       [0]    C_bit
0x0003       [0]    RP0_bit
0x0003       [1]    STATUS
0x0004       [1]    FSR
0x0004       [1]    FSRPTR
0x0005       [1]    PORTA
0x0005       [0]    RA0_bit
0x0005       [0]    RA1_bit
0x0005       [0]    RA4_bit
0x0005       [0]    RA3_bit
0x0005       [0]    RA5_bit
0x0005       [0]    RA2_bit
0x0006       [0]    RB2_bit
0x0006       [0]    RB4_bit
0x0006       [0]    RB3_bit
0x0006       [1]    PORTB
0x0006       [0]    RB6_bit
0x0006       [0]    RB7_bit
0x0006       [0]    RB1_bit
0x0006       [0]    RB0_bit
0x0006       [0]    RB5_bit
0x0007       [0]    RC2_bit
0x0007       [0]    RC6_bit
0x0007       [0]    RC5_bit
0x0007       [0]    RC4_bit
0x0007       [0]    RC3_bit
0x0007       [0]    RC7_bit
0x0007       [0]    RC1_bit
0x0007       [0]    RC0_bit
0x0007       [1]    PORTC
0x000A       [1]    PCLATH
0x000B       [0]    TMR0IE_bit
0x000B       [0]    TMR0IF_bit
0x000B       [0]    INTE_bit
0x000B       [0]    RBIE_bit
0x000B       [0]    T0IF_bit
0x000B       [0]    T0IE_bit
0x000B       [0]    GIE_bit
0x000B       [0]    PEIE_bit
0x000B       [1]    INTCON
0x000B       [0]    INTF_bit
0x000B       [0]    RBIF_bit
0x000C       [0]    TMR2IF_bit
0x000C       [0]    SSPIF_bit
0x000C       [0]    CCP1IF_bit
0x000C       [0]    RCIF_bit
0x000C       [0]    TMR1IF_bit
0x000C       [0]    ADIF_bit
0x000C       [0]    TXIF_bit
0x000C       [1]    PIR1
0x000D       [0]    EEIF_bit
0x000D       [0]    CCP2IF_bit
0x000D       [0]    CMIF_bit
0x000D       [0]    BCLIF_bit
0x000D       [1]    PIR2
0x000E       [1]    TMR1L
0x000F       [1]    TMR1H
0x0010       [0]    TMR1ON_bit
0x0010       [0]    NOT_T1SYNC_bit
0x0010       [0]    T1INSYNC_bit
0x0010       [0]    T1CKPS0_bit
0x0010       [1]    T1CON
0x0010       [0]    T1OSCEN_bit
0x0010       [0]    T1CKPS1_bit
0x0010       [0]    TMR1CS_bit
0x0010       [0]    T1SYNC_bit
0x0011       [1]    TMR2
0x0012       [0]    TMR2ON_bit
0x0012       [0]    TOUTPS0_bit
0x0012       [0]    T2CKPS0_bit
0x0012       [0]    T2CKPS1_bit
0x0012       [0]    TOUTPS2_bit
0x0012       [0]    TOUTPS3_bit
0x0012       [1]    T2CON
0x0012       [0]    TOUTPS1_bit
0x0013       [1]    SSPBUF
0x0014       [0]    SSPOV_bit
0x0014       [0]    WCOL_bit
0x0014       [0]    SSPM0_bit
0x0014       [1]    SSPCON
0x0014       [0]    SSPM2_bit
0x0014       [0]    CKP_bit
0x0014       [0]    SSPM3_bit
0x0014       [0]    SSPM1_bit
0x0014       [0]    SSPEN_bit
0x0015       [1]    CCPR1L
0x0016       [1]    CCPR1H
0x0017       [0]    CCP1M1_bit
0x0017       [0]    CCP1M0_bit
0x0017       [1]    CCP1CON
0x0017       [0]    CCP1M2_bit
0x0017       [0]    CCP1X_bit
0x0017       [0]    CCP1Y_bit
0x0017       [0]    CCP1M3_bit
0x0018       [0]    SPEN_bit
0x0018       [0]    OERR_bit
0x0018       [0]    RX9D_bit
0x0018       [0]    ADDEN_bit
0x0018       [0]    FERR_bit
0x0018       [0]    CREN_bit
0x0018       [0]    SREN_bit
0x0018       [0]    RC9_bit
0x0018       [0]    NOT_RC8_bit
0x0018       [0]    RC8_9_bit
0x0018       [0]    RCD8_bit
0x0018       [1]    RCSTA
0x0018       [0]    RX9_bit
0x0019       [1]    TXREG
0x001A       [1]    RCREG
0x001B       [1]    CCPR2L
0x001C       [1]    CCPR2H
0x001D       [0]    CCP2Y_bit
0x001D       [0]    CCP2X_bit
0x001D       [1]    CCP2CON
0x001D       [0]    CCP2M3_bit
0x001D       [0]    CCP2M1_bit
0x001D       [0]    CCP2M0_bit
0x001D       [0]    CCP2M2_bit
0x001E       [1]    ADRESH
0x001F       [0]    CHS2_bit
0x001F       [0]    GO_bit
0x001F       [0]    CHS0_bit
0x001F       [0]    ADCS0_bit
0x001F       [1]    ADCON0
0x001F       [0]    ADCS1_bit
0x001F       [0]    NOT_DONE_bit
0x001F       [0]    CHS1_bit
0x001F       [0]    ADON_bit
0x001F       [0]    GO_DONE_bit
0x0020       [2]    _Outcount
0x0022       [2]    _Maxdim
0x0024       [2]    _LastBoth
0x0026       [2]    _en0
0x0028       [0]    _read_err
0x0028       [0]    _sw_auto
0x0029       [2]    _TestCheck
0x002B       [2]    ___DoICPAddr
0x002D       [2]    _DelayCnt
0x002F       [2]    _PercentOn
0x0031       [2]    _TestCount
0x0033       [2]    _sensor_out
0x0035       [2]    _en2
0x0037       [2]    _en3
0x0039       [2]    _en1
0x003B       [2]    _auto_normal
0x003D       [2]    _FirstPass
0x003F       [2]    _set_point
0x0041       [2]    _Count
0x0043       [2]    _ki
0x0045       [2]    _kp
0x0047       [1]    ___saveSTATUS
0x0048       [1]    ___savePCLATH
0x0049       [1]    FARG_ADC_Read_channel
0x0070       [1]    R0
0x0071       [1]    R1
0x0072       [1]    R2
0x0073       [1]    R3
0x0074       [1]    R4
0x0075       [1]    R5
0x0076       [1]    R6
0x0077       [1]    R7
0x0078       [1]    R8
0x0079       [1]    R9
0x007A       [1]    R10
0x007B       [1]    R11
0x007C       [1]    R12
0x007D       [1]    R13
0x007E       [1]    R14
0x007F       [1]    R15
0x0081       [0]    PS2_bit
0x0081       [1]    OPTION_REG
0x0081       [0]    INTEDG_bit
0x0081       [0]    PSA_bit
0x0081       [0]    T0SE_bit
0x0081       [0]    T0CS_bit
0x0081       [0]    PS1_bit
0x0081       [0]    NOT_RBPU_bit
0x0081       [0]    PS0_bit
0x0085       [0]    TRISA3_bit
0x0085       [0]    TRISA5_bit
0x0085       [0]    TRISA4_bit
0x0085       [1]    TRISA
0x0085       [0]    TRISA0_bit
0x0085       [0]    TRISA1_bit
0x0085       [0]    TRISA2_bit
0x0086       [0]    TRISB0_bit
0x0086       [0]    TRISB1_bit
0x0086       [0]    TRISB2_bit
0x0086       [0]    TRISB6_bit
0x0086       [1]    TRISB
0x0086       [0]    TRISB7_bit
0x0086       [0]    TRISB5_bit
0x0086       [0]    TRISB3_bit
0x0086       [0]    TRISB4_bit
0x0087       [0]    TRISC0_bit
0x0087       [0]    TRISC4_bit
0x0087       [0]    TRISC2_bit
0x0087       [0]    TRISC1_bit
0x0087       [0]    TRISC3_bit
0x0087       [0]    TRISC5_bit
0x0087       [0]    TRISC7_bit
0x0087       [1]    TRISC
0x0087       [0]    TRISC6_bit
0x008C       [0]    CCP1IE_bit
0x008C       [0]    ADIE_bit
0x008C       [0]    TMR1IE_bit
0x008C       [1]    PIE1
0x008C       [0]    TMR2IE_bit
0x008C       [0]    TXIE_bit
0x008C       [0]    RCIE_bit
0x008C       [0]    SSPIE_bit
0x008D       [1]    PIE2
0x008D       [0]    CCP2IE_bit
0x008D       [0]    BCLIE_bit
0x008D       [0]    EEIE_bit
0x008D       [0]    CMIE_bit
0x008E       [1]    PCON
0x008E       [0]    NOT_POR_bit
0x008E       [0]    NOT_BO_bit
0x008E       [0]    NOT_BOR_bit
0x0091       [0]    ACKSTAT_bit
0x0091       [0]    ACKDT_bit
0x0091       [0]    RCEN_bit
0x0091       [0]    RSEN_bit
0x0091       [0]    SEN_bit
0x0091       [0]    PEN_bit
0x0091       [0]    ACKEN_bit
0x0091       [1]    SSPCON2
0x0091       [0]    GCEN_bit
0x0092       [1]    PR2
0x0093       [1]    SSPADD
0x0094       [0]    R_bit
0x0094       [0]    UA_bit
0x0094       [0]    READ_WRITE_bit
0x0094       [0]    BF_bit
0x0094       [0]    D_bit
0x0094       [0]    NOT_A_bit
0x0094       [0]    I2C_START__bit
0x0094       [0]    NOT_WRITE_bit
0x0094       [0]    CKE_bit
0x0094       [0]    NOT_W_bit
0x0094       [0]    R_W_bit
0x0094       [0]    I2C_READ_bit
0x0094       [0]    SMP_bit
0x0094       [0]    D_A_bit
0x0094       [0]    NOT_ADDRESS_bit
0x0094       [0]    I2C_DATA_bit
0x0094       [1]    SSPSTAT
0x0094       [0]    P_bit
0x0094       [0]    DATA_ADDRESS_bit
0x0094       [0]    I2C_STOP__bit
0x0094       [0]    S_bit
0x0098       [0]    SYNC_bit
0x0098       [0]    TXEN_bit
0x0098       [0]    TX9D_bit
0x0098       [0]    BRGH_bit
0x0098       [0]    TX8_9_bit
0x0098       [0]    NOT_TX8_bit
0x0098       [0]    TRMT_bit
0x0098       [0]    TXD8_bit
0x0098       [1]    TXSTA
0x0098       [0]    CSRC_bit
0x0098       [0]    TX9_bit
0x0099       [1]    SPBRG
0x009C       [0]    CM0_bit
0x009C       [0]    C1INV_bit
0x009C       [0]    CIS_bit
0x009C       [0]    CM2_bit
0x009C       [0]    C2INV_bit
0x009C       [1]    CMCON
0x009C       [0]    C2OUT_bit
0x009C       [0]    C1OUT_bit
0x009C       [0]    CM1_bit
0x009D       [0]    CVR1_bit
0x009D       [0]    CVR3_bit
0x009D       [1]    CVRCON
0x009D       [0]    CVRR_bit
0x009D       [0]    CVR2_bit
0x009D       [0]    CVR0_bit
0x009D       [0]    CVROE_bit
0x009D       [0]    CVREN_bit
0x009E       [1]    ADRESL
0x009F       [0]    ADFM_bit
0x009F       [1]    ADCON1
0x009F       [0]    PCFG1_bit
0x009F       [0]    PCFG0_bit
0x009F       [0]    ADCS2_bit
0x009F       [0]    PCFG3_bit
0x009F       [0]    PCFG2_bit
0x010C       [1]    EEDATA
0x010D       [1]    EEADR
0x010E       [1]    EEDATH
0x010F       [1]    EEADRH
0x018C       [0]    WREN_bit
0x018C       [0]    WR_bit
0x018C       [0]    EEPGD_bit
0x018C       [0]    WRERR_bit
0x018C       [0]    RD_bit
0x018C       [1]    EECON1
0x018D       [1]    EECON2
//** Label List: ** 
//----------------------------------------------
  L_interrupt0
  L_main1
  L_main2
  L_main3
  L_main4
  L_main5
  L_main6
  L_main7
  L_main8
  L_main9
  L_main10
  L_main11
  L_main12
  L_main13
  L_main14
  L_main15
  L_main16
  L_main17
  L_main18
  L_main19
  L_main20
  L_main21
  L_main22
  L_main23
  L_main24
  L_main25
  L_main26
  L_main27
  L_main28
  L_main29
  L_main30
  L_main31
  L_main32
  L_main33
  L_main34
  L_main35
  L_main36
  L_main37
  L_main38
  L_main39
  L_main40
  L_main41
  L_main42
  L_main43
  L_main44
  L_main45
  L_main46
  L_Buttoncheck47
  L_Buttoncheck48
  L_Buttoncheck49
  L_Buttoncheck50
  L_Buttoncheck51
  L_Buttoncheck52
  L_Buttoncheck53
  L_Buttoncheck54
  L_Buttoncheck55
  L_Buttoncheck56
  L_Buttoncheck57
  L_Buttoncheck58
  L_Buttoncheck59
  L_Buttoncheck60
  L_Buttoncheck61
  L_Buttoncheck62
  L_Buttoncheck63
  L_Buttoncheck64
  L_Buttoncheck65
  L_Buttoncheck66
  L_Buttoncheck67
  L_Buttoncheck68
  L_Buttoncheck69
  L_Buttoncheck70
  L_Buttoncheck71
  L_Buttoncheck72
  L_Buttoncheck73
  L_Buttoncheck74
  L_Buttoncheck75
  L_Buttoncheck76
  L_Buttoncheck77
  L_Buttoncheck78
  L_Buttoncheck79
  L_Buttoncheck80
  L_Buttoncheck81
  L_Buttoncheck82
  L_Buttoncheck83
  L_Buttoncheck84
  L_Buttoncheck85
  L_Buttoncheck86
  L_Buttoncheck87
  L_Buttoncheck88
  L_Buttoncheck89
  L_Buttoncheck90
  L_Buttoncheck91
  L_Buttoncheck92
  L_Buttoncheck93
  L_Buttoncheck94
  L_Buttoncheck95
  L_Buttoncheck96
  L_Buttoncheck97
  L_Buttoncheck98
  L_Buttoncheck99
  L_Buttoncheck100
  L_Buttoncheck101
  L_Buttoncheck102
  L__main103
  L__main104
  L__main105
  L__Buttoncheck106
  L__Buttoncheck107
  L__Buttoncheck108
  L__Buttoncheck109
  L__Buttoncheck110
  L__Buttoncheck111
  L__Buttoncheck112
  _interrupt
  L__interrupt113
  _main
  L__main114
  L__main115
  L__main116
  L__main117
  L__main118
  L__main119
  _Buttoncheck
  L__Buttoncheck120
  L__Buttoncheck121
  L__Buttoncheck122
  L__Buttoncheck123
  L__Buttoncheck124
  L__Buttoncheck125
  L__Buttoncheck126
  L__Buttoncheck127
  L__Buttoncheck128
  L__Buttoncheck129
  L__Buttoncheck130
  L__Buttoncheck131
  L__Buttoncheck132
  L__Buttoncheck133
  L__Buttoncheck134
  L__Buttoncheck135
  L__Buttoncheck136
  L__Buttoncheck137
  L__Buttoncheck138
  L__Buttoncheck139
  L__Buttoncheck140
  L_ADC_Read0
  L_ADC_Read1
  _ADC_Read
  L_Delay_1us0
  L_Delay_10us1
  L_Delay_22us2
  L_Delay_50us3
  L_Delay_80us4
  L_Delay_500us5
  L_Delay_5500us6
  L_Delay_8ms7
  L_Delay_5ms8
  L_Delay_100ms9
  L_Delay_1sec10
  L_boot16_Delay_5ms11
  L_Delay_Cyc12
  L_Delay_Cyc13
  L_VDelay_ms14
  L_VDelay_ms15
  L_VDelay_ms16
  _Get_Fosc_kHz
  _Delay_1us
  _Delay_10us
  _Delay_22us
  _Delay_50us
  _Delay_80us
  _Delay_500us
  _Delay_5500us
  _Delay_8ms
  _Delay_5ms
  _Delay_100ms
  _Delay_1sec
  _boot16_Delay_5ms
  _Delay_Cyc
  _VDelay_ms
  L__VDelay_ms17
  L__VDelay_ms18
  L__VDelay_ms19
  L_interrupt0
  L_main1
  L_main2
  L_main3
  L_main4
  L_main5
  L_main6
  L_main7
  L_main8
  L_main9
  L_main10
  L_main11
  L_main12
  L_main13
  L_main14
  L_main15
  L_main16
  L_main17
  L_main18
  L_main19
  L_main20
  L_main21
  L_main22
  L_main23
  L_main24
  L_main25
  L_main26
  L_main27
  L_main28
  L_main29
  L_main30
  L_main31
  L_main32
  L_main33
  L_main34
  L_main35
  L_main36
  L_main37
  L_main38
  L_main39
  L_main40
  L_main41
  L_main42
  L_main43
  L_main44
  L_main45
  L_main46
  L_Buttoncheck47
  L_Buttoncheck48
  L_Buttoncheck49
  L_Buttoncheck50
  L_Buttoncheck51
  L_Buttoncheck52
  L_Buttoncheck53
  L_Buttoncheck54
  L_Buttoncheck55
  L_Buttoncheck56
  L_Buttoncheck57
  L_Buttoncheck58
  L_Buttoncheck59
  L_Buttoncheck60
  L_Buttoncheck61
  L_Buttoncheck62
  L_Buttoncheck63
  L_Buttoncheck64
  L_Buttoncheck65
  L_Buttoncheck66
  L_Buttoncheck67
  L_Buttoncheck68
  L_Buttoncheck69
  L_Buttoncheck70
  L_Buttoncheck71
  L_Buttoncheck72
  L_Buttoncheck73
  L_Buttoncheck74
  L_Buttoncheck75
  L_Buttoncheck76
  L_Buttoncheck77
  L_Buttoncheck78
  L_Buttoncheck79
  L_Buttoncheck80
  L_Buttoncheck81
  L_Buttoncheck82
  L_Buttoncheck83
  L_Buttoncheck84
  L_Buttoncheck85
  L_Buttoncheck86
  L_Buttoncheck87
  L_Buttoncheck88
  L_Buttoncheck89
  L_Buttoncheck90
  L_Buttoncheck91
  L_Buttoncheck92
  L_Buttoncheck93
  L_Buttoncheck94
  L_Buttoncheck95
  L_Buttoncheck96
  L_Buttoncheck97
  L_Buttoncheck98
  L_Buttoncheck99
  L_Buttoncheck100
  L_Buttoncheck101
  L_Buttoncheck102
  L__main103
  L__main104
  L__main105
  L__Buttoncheck106
  L__Buttoncheck107
  L__Buttoncheck108
  L__Buttoncheck109
  L__Buttoncheck110
  L__Buttoncheck111
  L__Buttoncheck112
  _interrupt
  L__interrupt113
  _main
  L__main114
  L__main115
  L__main116
  L__main117
  L__main118
  L__main119
  _Buttoncheck
  L__Buttoncheck120
  L__Buttoncheck121
  L__Buttoncheck122
  L__Buttoncheck123
  L__Buttoncheck124
  L__Buttoncheck125
  L__Buttoncheck126
  L__Buttoncheck127
  L__Buttoncheck128
  L__Buttoncheck129
  L__Buttoncheck130
  L__Buttoncheck131
  L__Buttoncheck132
  L__Buttoncheck133
  L__Buttoncheck134
  L__Buttoncheck135
  L__Buttoncheck136
  L__Buttoncheck137
  L__Buttoncheck138
  L__Buttoncheck139
  L__Buttoncheck140
