0	1	mikroCdsPIC.exe -MSF -DBG -pP33FJ64GP804 -DL -SSA -O11111114 -fo80 -N"C:\Users\Renan\Documents\My Dropbox\Fórmula Eng 3\Engenharia 3\CT01 - Medidor Bateria\CT01\CT01.mcpds" -SP"C:\Users\Public\Documents\Mikroelektronika\mikroC PRO for dsPIC\defs\" -SP"C:\Users\Public\Documents\Mikroelektronika\mikroC PRO for dsPIC\uses\" -SP"C:\Users\Renan\Documents\My Dropbox\Fórmula Eng 3\Engenharia 3\CT01 - Medidor Bateria\CT01\" -SP"C:\Users\Renan\Documents\My Dropbox\Fórmula SAE 2012\Engenharia 3\CT01 - Medidor Bateria\CT01\" -SP"C:\Users\Mateus\Documents\Programas uC\Telemetria 2011\CT01\" -IP"C:\Users\Renan\Documents\My Dropbox\Fórmula SAE 2012\Engenharia 3\CT01 - Medidor Bateria\CT01\" -IP"C:\Users\Renan\Documents\My Dropbox\Fórmula Eng 3\Engenharia 3\CT01 - Medidor Bateria\CT01\" "CT01.c" "Inicializacoes_LSM.c" "PGA_Drivers_LSM.c" "__Lib_Math.mcl" "__Lib_MathDouble.mcl" "__Lib_System.mcl" "__Lib_Delays.mcl" "__Lib_CType.mcl" "__Lib_CString.mcl" "__Lib_CStdlib.mcl" "__Lib_CMath.mcl" "__Lib_Conversions.mcl" "__Lib_Time.mcl" "__Lib_Button.mcl" "__Lib_ADC_1_p24HJ_p33_2_7.mcl" "__Lib_SPI_12.mcl" "__Lib_UART_12_p24_p33.mcl" "__Lib_ECAN_1.mcl" "__Lib_PPS_p33FJ_GP_02_04_DPC44A.mcl" "__Lib_Mmc.mcl" "__Lib_MmcFat16.mcl" "__Lib_MmcFat16Constants.mcl"	 
warning: 0	1501	Specified search path does not exist: 'C:\Users\Renan\Documents\My Dropbox\Fórmula SAE 2012\Engenharia 3\CT01 - Medidor Bateria\CT01'	 
warning: 0	1501	Specified search path does not exist: 'C:\Users\Mateus\Documents\Programas uC\Telemetria 2011\CT01'	 
warning: 0	1502	Specified include path does not exist: 'C:\Users\Renan\Documents\My Dropbox\Fórmula SAE 2012\Engenharia 3\CT01 - Medidor Bateria\CT01'	 
diagnostics: 0	121	Loading...	 
diagnostics: 0	126	All files Preprocessed in 234 ms	 
diagnostics: 0	122	Compilation Started	ecan_ids.h
hint: 0	1004	interrupt handler (InputCapture1Int at 0x0016)	CT01.c
hint: 0	1004	interrupt handler (C1Interrupt at 0x005A)	CT01.c
diagnostics: 233	123	Compiled Successfully	CT01.c
diagnostics: 0	122	Compilation Started	__lib_ecan1_defs.h
diagnostics: 223	123	Compiled Successfully	Inicializacoes_LSM.c
diagnostics: 0	122	Compilation Started	PGA_Drivers_LSM.c
diagnostics: 25	123	Compiled Successfully	PGA_Drivers_LSM.c
diagnostics: 0	127	All files Compiled in 764 ms	 
hint: 0	1144	Used RX (bytes): 32 (100%)   Free RX (bytes): 0 (0%)	Used RX (bytes): 32 (100%)   Free RX (bytes): 0 (0%)
hint: 0	1144	Static RAM (bytes): 321   Dynamic RAM (bytes): 14270	Static RAM (bytes): 321   Dynamic RAM (bytes): 14270
hint: 0	1144	Used ROM (bytes): 4072 (9%)  Free ROM (bytes): 39960 (91%)	Used ROM (bytes): 4072 (9%)  Free ROM (bytes): 39960 (91%)
diagnostics: 0	125	Project Linked Successfully	CT01.mcpds
diagnostics: 0	128	Linked in 3495 ms	 
diagnostics: 0	129	Project 'CT01.mcpds' completed: 7005 ms	 
diagnostics: 0	103	Finished successfully: 30 jan 2013, 20:01:02	CT01.mcpds
